{
  "stats": {
    "suites": 1,
    "tests": 5,
    "passes": 5,
    "pending": 0,
    "failures": 0,
    "start": "2022-03-13T19:36:22.936Z",
    "end": "2022-03-13T19:37:18.993Z",
    "duration": 56057,
    "testsRegistered": 5,
    "passPercent": 100,
    "pendingPercent": 0,
    "other": 0,
    "hasOther": false,
    "skipped": 0,
    "hasSkipped": false
  },
  "results": [
    {
      "uuid": "69f91c70-2e80-438b-a697-4de1f14e782b",
      "title": "",
      "fullFile": "cypress/integration/fileUpload.feature",
      "file": "cypress/integration/fileUpload.feature",
      "beforeHooks": [],
      "afterHooks": [],
      "tests": [],
      "suites": [
        {
          "uuid": "388e876c-8c32-48ae-bead-80603bbb56bf",
          "title": "Upload a File",
          "fullFile": "",
          "file": "",
          "beforeHooks": [],
          "afterHooks": [],
          "tests": [
            {
              "title": "User uploads an image file successfully",
              "fullTitle": "Upload a File User uploads an image file successfully",
              "timedOut": null,
              "duration": 11682,
              "state": "passed",
              "speed": "slow",
              "pass": true,
              "fail": false,
              "pending": false,
              "context": null,
              "code": "const state = window.testState;\nreturn cy\n  .then(() => state.onStartScenario(scenario, indexedSteps))\n  .then(() =>\n    resolveAndRunBeforeHooks.call(this, scenario.tags, state.feature.name)\n  )\n  .then(() =>\n    indexedSteps.forEach((step) =>\n      stepTest.call(this, state, step, rowData)\n    )\n  )\n  .then(() => state.onFinishScenario(scenario));",
              "err": {},
              "uuid": "f5c5c4a1-7fd8-49e1-babc-9a028a6b7f93",
              "parentUUID": "388e876c-8c32-48ae-bead-80603bbb56bf",
              "isHook": false,
              "skipped": false
            },
            {
              "title": "User uploads binary file to see the upload failed",
              "fullTitle": "Upload a File User uploads binary file to see the upload failed",
              "timedOut": null,
              "duration": 8279,
              "state": "passed",
              "speed": "medium",
              "pass": true,
              "fail": false,
              "pending": false,
              "context": null,
              "code": "const state = window.testState;\nreturn cy\n  .then(() => state.onStartScenario(scenario, indexedSteps))\n  .then(() =>\n    resolveAndRunBeforeHooks.call(this, scenario.tags, state.feature.name)\n  )\n  .then(() =>\n    indexedSteps.forEach((step) =>\n      stepTest.call(this, state, step, rowData)\n    )\n  )\n  .then(() => state.onFinishScenario(scenario));",
              "err": {},
              "uuid": "928daf99-2d28-49dc-9188-88854fc88c0e",
              "parentUUID": "388e876c-8c32-48ae-bead-80603bbb56bf",
              "isHook": false,
              "skipped": false
            },
            {
              "title": "User uploads file2.jpeg successfully (example #1)",
              "fullTitle": "Upload a File User uploads file2.jpeg successfully (example #1)",
              "timedOut": null,
              "duration": 10431,
              "state": "passed",
              "speed": "slow",
              "pass": true,
              "fail": false,
              "pending": false,
              "context": null,
              "code": "const state = window.testState;\nreturn cy\n  .then(() => state.onStartScenario(scenario, indexedSteps))\n  .then(() =>\n    resolveAndRunBeforeHooks.call(this, scenario.tags, state.feature.name)\n  )\n  .then(() =>\n    indexedSteps.forEach((step) =>\n      stepTest.call(this, state, step, rowData)\n    )\n  )\n  .then(() => state.onFinishScenario(scenario));",
              "err": {},
              "uuid": "0ef03fbe-b745-4f21-9ed2-182a228e3cb0",
              "parentUUID": "388e876c-8c32-48ae-bead-80603bbb56bf",
              "isHook": false,
              "skipped": false
            },
            {
              "title": "User uploads file3.pdf successfully (example #2)",
              "fullTitle": "Upload a File User uploads file3.pdf successfully (example #2)",
              "timedOut": null,
              "duration": 15617,
              "state": "passed",
              "speed": "slow",
              "pass": true,
              "fail": false,
              "pending": false,
              "context": null,
              "code": "const state = window.testState;\nreturn cy\n  .then(() => state.onStartScenario(scenario, indexedSteps))\n  .then(() =>\n    resolveAndRunBeforeHooks.call(this, scenario.tags, state.feature.name)\n  )\n  .then(() =>\n    indexedSteps.forEach((step) =>\n      stepTest.call(this, state, step, rowData)\n    )\n  )\n  .then(() => state.onFinishScenario(scenario));",
              "err": {},
              "uuid": "8228e2f2-ea71-4257-959d-9cb3e664cad1",
              "parentUUID": "388e876c-8c32-48ae-bead-80603bbb56bf",
              "isHook": false,
              "skipped": false
            },
            {
              "title": "User uploads file4.txt successfully (example #3)",
              "fullTitle": "Upload a File User uploads file4.txt successfully (example #3)",
              "timedOut": null,
              "duration": 9817,
              "state": "passed",
              "speed": "medium",
              "pass": true,
              "fail": false,
              "pending": false,
              "context": null,
              "code": "const state = window.testState;\nreturn cy\n  .then(() => state.onStartScenario(scenario, indexedSteps))\n  .then(() =>\n    resolveAndRunBeforeHooks.call(this, scenario.tags, state.feature.name)\n  )\n  .then(() =>\n    indexedSteps.forEach((step) =>\n      stepTest.call(this, state, step, rowData)\n    )\n  )\n  .then(() => state.onFinishScenario(scenario));",
              "err": {},
              "uuid": "c54ceb67-e2c2-4e18-a86e-ae7045968d60",
              "parentUUID": "388e876c-8c32-48ae-bead-80603bbb56bf",
              "isHook": false,
              "skipped": false
            }
          ],
          "suites": [],
          "passes": [
            "f5c5c4a1-7fd8-49e1-babc-9a028a6b7f93",
            "928daf99-2d28-49dc-9188-88854fc88c0e",
            "0ef03fbe-b745-4f21-9ed2-182a228e3cb0",
            "8228e2f2-ea71-4257-959d-9cb3e664cad1",
            "c54ceb67-e2c2-4e18-a86e-ae7045968d60"
          ],
          "failures": [],
          "pending": [],
          "skipped": [],
          "duration": 55826,
          "root": false,
          "rootEmpty": false,
          "_timeout": 2000
        }
      ],
      "passes": [],
      "failures": [],
      "pending": [],
      "skipped": [],
      "duration": 0,
      "root": true,
      "rootEmpty": true,
      "_timeout": 2000
    }
  ],
  "meta": {
    "mocha": {
      "version": "7.0.1"
    },
    "mochawesome": {
      "options": {
        "quiet": false,
        "reportFilename": "mochawesome",
        "saveHtml": false,
        "saveJson": true,
        "consoleReporter": "spec",
        "useInlineDiffs": false,
        "code": true
      },
      "version": "6.2.2"
    },
    "marge": {
      "options": {
        "id": "default",
        "reportDir": "./reports/mocha/ui",
        "overwrite": false,
        "html": false,
        "json": true,
        "timestamp": "mmddyyyy_HHMMss"
      },
      "version": "5.2.0"
    }
  }
}