{
  "stats": {
    "suites": 1,
    "tests": 5,
    "passes": 5,
    "pending": 0,
    "failures": 0,
    "start": "2022-03-13T18:13:01.107Z",
    "end": "2022-03-13T18:13:50.569Z",
    "duration": 49462,
    "testsRegistered": 5,
    "passPercent": 100,
    "pendingPercent": 0,
    "other": 0,
    "hasOther": false,
    "skipped": 0,
    "hasSkipped": false
  },
  "results": [
    {
      "uuid": "fc378d03-b236-4c4a-b7c4-d7943e977ace",
      "title": "",
      "fullFile": "cypress/integration/searchForAnItem.feature",
      "file": "cypress/integration/searchForAnItem.feature",
      "beforeHooks": [],
      "afterHooks": [],
      "tests": [],
      "suites": [
        {
          "uuid": "5e101918-5803-42c0-b71b-6d8a34f24bab",
          "title": "Search for an item",
          "fullFile": "",
          "file": "",
          "beforeHooks": [],
          "afterHooks": [],
          "tests": [
            {
              "title": "Search available product from navigation-menu",
              "fullTitle": "Search for an item Search available product from navigation-menu",
              "timedOut": null,
              "duration": 9702,
              "state": "passed",
              "speed": "medium",
              "pass": true,
              "fail": false,
              "pending": false,
              "context": null,
              "code": "const state = window.testState;\nreturn cy\n  .then(() => state.onStartScenario(scenario, indexedSteps))\n  .then(() =>\n    resolveAndRunBeforeHooks.call(this, scenario.tags, state.feature.name)\n  )\n  .then(() =>\n    indexedSteps.forEach((step) =>\n      stepTest.call(this, state, step, rowData)\n    )\n  )\n  .then(() => state.onFinishScenario(scenario));",
              "err": {},
              "uuid": "d5869015-5a1f-4727-a890-8bac0a3c036c",
              "parentUUID": "5e101918-5803-42c0-b71b-6d8a34f24bab",
              "isHook": false,
              "skipped": false
            },
            {
              "title": "Search unavailable product from navigation-menu",
              "fullTitle": "Search for an item Search unavailable product from navigation-menu",
              "timedOut": null,
              "duration": 9278,
              "state": "passed",
              "speed": "medium",
              "pass": true,
              "fail": false,
              "pending": false,
              "context": null,
              "code": "const state = window.testState;\nreturn cy\n  .then(() => state.onStartScenario(scenario, indexedSteps))\n  .then(() =>\n    resolveAndRunBeforeHooks.call(this, scenario.tags, state.feature.name)\n  )\n  .then(() =>\n    indexedSteps.forEach((step) =>\n      stepTest.call(this, state, step, rowData)\n    )\n  )\n  .then(() => state.onFinishScenario(scenario));",
              "err": {},
              "uuid": "84d77540-3514-4bd6-a6f5-751d8b1792ab",
              "parentUUID": "5e101918-5803-42c0-b71b-6d8a34f24bab",
              "isHook": false,
              "skipped": false
            },
            {
              "title": "Search available camera with a keyword (example #1)",
              "fullTitle": "Search for an item Search available camera with a keyword (example #1)",
              "timedOut": null,
              "duration": 11798,
              "state": "passed",
              "speed": "slow",
              "pass": true,
              "fail": false,
              "pending": false,
              "context": null,
              "code": "const state = window.testState;\nreturn cy\n  .then(() => state.onStartScenario(scenario, indexedSteps))\n  .then(() =>\n    resolveAndRunBeforeHooks.call(this, scenario.tags, state.feature.name)\n  )\n  .then(() =>\n    indexedSteps.forEach((step) =>\n      stepTest.call(this, state, step, rowData)\n    )\n  )\n  .then(() => state.onFinishScenario(scenario));",
              "err": {},
              "uuid": "a369e19a-4920-4875-b0ec-a98c1b876bd0",
              "parentUUID": "5e101918-5803-42c0-b71b-6d8a34f24bab",
              "isHook": false,
              "skipped": false
            },
            {
              "title": "Search available speaker with a keyword (example #2)",
              "fullTitle": "Search for an item Search available speaker with a keyword (example #2)",
              "timedOut": null,
              "duration": 9831,
              "state": "passed",
              "speed": "medium",
              "pass": true,
              "fail": false,
              "pending": false,
              "context": null,
              "code": "const state = window.testState;\nreturn cy\n  .then(() => state.onStartScenario(scenario, indexedSteps))\n  .then(() =>\n    resolveAndRunBeforeHooks.call(this, scenario.tags, state.feature.name)\n  )\n  .then(() =>\n    indexedSteps.forEach((step) =>\n      stepTest.call(this, state, step, rowData)\n    )\n  )\n  .then(() => state.onFinishScenario(scenario));",
              "err": {},
              "uuid": "1f9aad68-70a9-4262-a906-2b893928c5a1",
              "parentUUID": "5e101918-5803-42c0-b71b-6d8a34f24bab",
              "isHook": false,
              "skipped": false
            },
            {
              "title": "Search available watch with a keyword (example #3)",
              "fullTitle": "Search for an item Search available watch with a keyword (example #3)",
              "timedOut": null,
              "duration": 8456,
              "state": "passed",
              "speed": "medium",
              "pass": true,
              "fail": false,
              "pending": false,
              "context": null,
              "code": "const state = window.testState;\nreturn cy\n  .then(() => state.onStartScenario(scenario, indexedSteps))\n  .then(() =>\n    resolveAndRunBeforeHooks.call(this, scenario.tags, state.feature.name)\n  )\n  .then(() =>\n    indexedSteps.forEach((step) =>\n      stepTest.call(this, state, step, rowData)\n    )\n  )\n  .then(() => state.onFinishScenario(scenario));",
              "err": {},
              "uuid": "d7a96627-5527-4e80-9174-236009f445eb",
              "parentUUID": "5e101918-5803-42c0-b71b-6d8a34f24bab",
              "isHook": false,
              "skipped": false
            }
          ],
          "suites": [],
          "passes": [
            "d5869015-5a1f-4727-a890-8bac0a3c036c",
            "84d77540-3514-4bd6-a6f5-751d8b1792ab",
            "a369e19a-4920-4875-b0ec-a98c1b876bd0",
            "1f9aad68-70a9-4262-a906-2b893928c5a1",
            "d7a96627-5527-4e80-9174-236009f445eb"
          ],
          "failures": [],
          "pending": [],
          "skipped": [],
          "duration": 49065,
          "root": false,
          "rootEmpty": false,
          "_timeout": 2000
        }
      ],
      "passes": [],
      "failures": [],
      "pending": [],
      "skipped": [],
      "duration": 0,
      "root": true,
      "rootEmpty": true,
      "_timeout": 2000
    }
  ],
  "meta": {
    "mocha": {
      "version": "7.0.1"
    },
    "mochawesome": {
      "options": {
        "quiet": false,
        "reportFilename": "mochawesome",
        "saveHtml": false,
        "saveJson": true,
        "consoleReporter": "spec",
        "useInlineDiffs": false,
        "code": true
      },
      "version": "6.2.2"
    },
    "marge": {
      "options": {
        "id": "default",
        "reportDir": "./reports/mocha/ui",
        "overwrite": false,
        "html": false,
        "json": true,
        "timestamp": "mmddyyyy_HHMMss"
      },
      "version": "5.2.0"
    }
  }
}