{
  "stats": {
    "suites": 1,
    "tests": 5,
    "passes": 5,
    "pending": 0,
    "failures": 0,
    "start": "2022-03-13T06:19:09.504Z",
    "end": "2022-03-13T06:20:13.080Z",
    "duration": 63576,
    "testsRegistered": 5,
    "passPercent": 100,
    "pendingPercent": 0,
    "other": 0,
    "hasOther": false,
    "skipped": 0,
    "hasSkipped": false
  },
  "results": [
    {
      "uuid": "90b39afe-be0d-4c34-8481-6ab88d11007e",
      "title": "",
      "fullFile": "cypress/integration/fileUpload.feature",
      "file": "cypress/integration/fileUpload.feature",
      "beforeHooks": [],
      "afterHooks": [],
      "tests": [],
      "suites": [
        {
          "uuid": "b3c0c05f-d2ef-4096-93a1-d6d431cfdf1c",
          "title": "Upload a File",
          "fullFile": "",
          "file": "",
          "beforeHooks": [],
          "afterHooks": [],
          "tests": [
            {
              "title": "User uploads an image file successfully",
              "fullTitle": "Upload a File User uploads an image file successfully",
              "timedOut": null,
              "duration": 13660,
              "state": "passed",
              "speed": "slow",
              "pass": true,
              "fail": false,
              "pending": false,
              "context": null,
              "code": "const state = window.testState;\nreturn cy\n  .then(() => state.onStartScenario(scenario, indexedSteps))\n  .then(() =>\n    resolveAndRunBeforeHooks.call(this, scenario.tags, state.feature.name)\n  )\n  .then(() =>\n    indexedSteps.forEach((step) =>\n      stepTest.call(this, state, step, rowData)\n    )\n  )\n  .then(() => state.onFinishScenario(scenario));",
              "err": {},
              "uuid": "a6f35882-0b3e-4980-922f-896272f5b461",
              "parentUUID": "b3c0c05f-d2ef-4096-93a1-d6d431cfdf1c",
              "isHook": false,
              "skipped": false
            },
            {
              "title": "User uploads binary file to see the upload failed",
              "fullTitle": "Upload a File User uploads binary file to see the upload failed",
              "timedOut": null,
              "duration": 11803,
              "state": "passed",
              "speed": "slow",
              "pass": true,
              "fail": false,
              "pending": false,
              "context": null,
              "code": "const state = window.testState;\nreturn cy\n  .then(() => state.onStartScenario(scenario, indexedSteps))\n  .then(() =>\n    resolveAndRunBeforeHooks.call(this, scenario.tags, state.feature.name)\n  )\n  .then(() =>\n    indexedSteps.forEach((step) =>\n      stepTest.call(this, state, step, rowData)\n    )\n  )\n  .then(() => state.onFinishScenario(scenario));",
              "err": {},
              "uuid": "f8224731-3525-4cd7-9499-7f9330f8d090",
              "parentUUID": "b3c0c05f-d2ef-4096-93a1-d6d431cfdf1c",
              "isHook": false,
              "skipped": false
            },
            {
              "title": "User uploads file2.jpeg successfully (example #1)",
              "fullTitle": "Upload a File User uploads file2.jpeg successfully (example #1)",
              "timedOut": null,
              "duration": 11469,
              "state": "passed",
              "speed": "slow",
              "pass": true,
              "fail": false,
              "pending": false,
              "context": null,
              "code": "const state = window.testState;\nreturn cy\n  .then(() => state.onStartScenario(scenario, indexedSteps))\n  .then(() =>\n    resolveAndRunBeforeHooks.call(this, scenario.tags, state.feature.name)\n  )\n  .then(() =>\n    indexedSteps.forEach((step) =>\n      stepTest.call(this, state, step, rowData)\n    )\n  )\n  .then(() => state.onFinishScenario(scenario));",
              "err": {},
              "uuid": "cc364da1-7740-4adf-b2e6-ad1abbeefa5f",
              "parentUUID": "b3c0c05f-d2ef-4096-93a1-d6d431cfdf1c",
              "isHook": false,
              "skipped": false
            },
            {
              "title": "User uploads file3.pdf successfully (example #2)",
              "fullTitle": "Upload a File User uploads file3.pdf successfully (example #2)",
              "timedOut": null,
              "duration": 10648,
              "state": "passed",
              "speed": "slow",
              "pass": true,
              "fail": false,
              "pending": false,
              "context": null,
              "code": "const state = window.testState;\nreturn cy\n  .then(() => state.onStartScenario(scenario, indexedSteps))\n  .then(() =>\n    resolveAndRunBeforeHooks.call(this, scenario.tags, state.feature.name)\n  )\n  .then(() =>\n    indexedSteps.forEach((step) =>\n      stepTest.call(this, state, step, rowData)\n    )\n  )\n  .then(() => state.onFinishScenario(scenario));",
              "err": {},
              "uuid": "ae05c39e-3f54-450c-829a-40a8a8453282",
              "parentUUID": "b3c0c05f-d2ef-4096-93a1-d6d431cfdf1c",
              "isHook": false,
              "skipped": false
            },
            {
              "title": "User uploads file4.txt successfully (example #3)",
              "fullTitle": "Upload a File User uploads file4.txt successfully (example #3)",
              "timedOut": null,
              "duration": 15582,
              "state": "passed",
              "speed": "slow",
              "pass": true,
              "fail": false,
              "pending": false,
              "context": null,
              "code": "const state = window.testState;\nreturn cy\n  .then(() => state.onStartScenario(scenario, indexedSteps))\n  .then(() =>\n    resolveAndRunBeforeHooks.call(this, scenario.tags, state.feature.name)\n  )\n  .then(() =>\n    indexedSteps.forEach((step) =>\n      stepTest.call(this, state, step, rowData)\n    )\n  )\n  .then(() => state.onFinishScenario(scenario));",
              "err": {},
              "uuid": "cd97e208-cd22-49d7-bf06-320496a00e9e",
              "parentUUID": "b3c0c05f-d2ef-4096-93a1-d6d431cfdf1c",
              "isHook": false,
              "skipped": false
            }
          ],
          "suites": [],
          "passes": [
            "a6f35882-0b3e-4980-922f-896272f5b461",
            "f8224731-3525-4cd7-9499-7f9330f8d090",
            "cc364da1-7740-4adf-b2e6-ad1abbeefa5f",
            "ae05c39e-3f54-450c-829a-40a8a8453282",
            "cd97e208-cd22-49d7-bf06-320496a00e9e"
          ],
          "failures": [],
          "pending": [],
          "skipped": [],
          "duration": 63162,
          "root": false,
          "rootEmpty": false,
          "_timeout": 2000
        }
      ],
      "passes": [],
      "failures": [],
      "pending": [],
      "skipped": [],
      "duration": 0,
      "root": true,
      "rootEmpty": true,
      "_timeout": 2000
    }
  ],
  "meta": {
    "mocha": {
      "version": "7.0.1"
    },
    "mochawesome": {
      "options": {
        "quiet": false,
        "reportFilename": "mochawesome",
        "saveHtml": false,
        "saveJson": true,
        "consoleReporter": "spec",
        "useInlineDiffs": false,
        "code": true
      },
      "version": "6.2.2"
    },
    "marge": {
      "options": {
        "id": "default",
        "reportDir": "./reports/mocha/ui",
        "overwrite": false,
        "html": false,
        "json": true,
        "timestamp": "mmddyyyy_HHMMss"
      },
      "version": "5.2.0"
    }
  }
}