{
  "stats": {
    "suites": 1,
    "tests": 2,
    "passes": 2,
    "pending": 0,
    "failures": 0,
    "start": "2022-03-13T21:48:54.651Z",
    "end": "2022-03-13T21:49:20.748Z",
    "duration": 26097,
    "testsRegistered": 2,
    "passPercent": 100,
    "pendingPercent": 0,
    "other": 0,
    "hasOther": false,
    "skipped": 0,
    "hasSkipped": false
  },
  "results": [
    {
      "uuid": "318fda08-2749-4238-8b57-27ab81e9f476",
      "title": "",
      "fullFile": "cypress/integration/contact.feature",
      "file": "cypress/integration/contact.feature",
      "beforeHooks": [],
      "afterHooks": [],
      "tests": [],
      "suites": [
        {
          "uuid": "5932f6b1-d753-4ca4-ae04-045dce194a63",
          "title": "Contact",
          "fullFile": "",
          "file": "",
          "beforeHooks": [],
          "afterHooks": [],
          "tests": [
            {
              "title": "User should see contact information",
              "fullTitle": "Contact User should see contact information",
              "timedOut": null,
              "duration": 12623,
              "state": "passed",
              "speed": "slow",
              "pass": true,
              "fail": false,
              "pending": false,
              "context": null,
              "code": "const state = window.testState;\nreturn cy\n  .then(() => state.onStartScenario(scenario, indexedSteps))\n  .then(() =>\n    resolveAndRunBeforeHooks.call(this, scenario.tags, state.feature.name)\n  )\n  .then(() =>\n    indexedSteps.forEach((step) =>\n      stepTest.call(this, state, step, rowData)\n    )\n  )\n  .then(() => state.onFinishScenario(scenario));",
              "err": {},
              "uuid": "718d90f3-97b5-49e4-98c9-7c385110f3b1",
              "parentUUID": "5932f6b1-d753-4ca4-ae04-045dce194a63",
              "isHook": false,
              "skipped": false
            },
            {
              "title": "User should send send a message to contact team",
              "fullTitle": "Contact User should send send a message to contact team",
              "timedOut": null,
              "duration": 13024,
              "state": "passed",
              "speed": "slow",
              "pass": true,
              "fail": false,
              "pending": false,
              "context": null,
              "code": "const state = window.testState;\nreturn cy\n  .then(() => state.onStartScenario(scenario, indexedSteps))\n  .then(() =>\n    resolveAndRunBeforeHooks.call(this, scenario.tags, state.feature.name)\n  )\n  .then(() =>\n    indexedSteps.forEach((step) =>\n      stepTest.call(this, state, step, rowData)\n    )\n  )\n  .then(() => state.onFinishScenario(scenario));",
              "err": {},
              "uuid": "9ee08b4e-4b17-4839-9854-bd40185b5cde",
              "parentUUID": "5932f6b1-d753-4ca4-ae04-045dce194a63",
              "isHook": false,
              "skipped": false
            }
          ],
          "suites": [],
          "passes": [
            "718d90f3-97b5-49e4-98c9-7c385110f3b1",
            "9ee08b4e-4b17-4839-9854-bd40185b5cde"
          ],
          "failures": [],
          "pending": [],
          "skipped": [],
          "duration": 25647,
          "root": false,
          "rootEmpty": false,
          "_timeout": 2000
        }
      ],
      "passes": [],
      "failures": [],
      "pending": [],
      "skipped": [],
      "duration": 0,
      "root": true,
      "rootEmpty": true,
      "_timeout": 2000
    }
  ],
  "meta": {
    "mocha": {
      "version": "7.0.1"
    },
    "mochawesome": {
      "options": {
        "quiet": false,
        "reportFilename": "mochawesome",
        "saveHtml": false,
        "saveJson": true,
        "consoleReporter": "spec",
        "useInlineDiffs": false,
        "code": true
      },
      "version": "6.2.2"
    },
    "marge": {
      "options": {
        "id": "default",
        "reportDir": "./reports/mocha/ui",
        "overwrite": false,
        "html": false,
        "json": true,
        "timestamp": "mmddyyyy_HHMMss"
      },
      "version": "5.2.0"
    }
  }
}