{
  "stats": {
    "suites": 13,
    "tests": 13,
    "passes": 13,
    "pending": 0,
    "failures": 0,
    "start": "2022-03-13T17:41:30.470Z",
    "end": "2022-03-13T17:41:37.466Z",
    "duration": 6996,
    "testsRegistered": 13,
    "passPercent": 100,
    "pendingPercent": 0,
    "other": 0,
    "hasOther": false,
    "skipped": 0,
    "hasSkipped": false
  },
  "results": [
    {
      "uuid": "1a3eb761-8acf-40cb-ad50-cb7e861caa93",
      "title": "",
      "fullFile": "",
      "file": "",
      "beforeHooks": [],
      "afterHooks": [],
      "tests": [],
      "suites": [
        {
          "uuid": "36cf288e-c6a2-4441-90fd-1ef95c248727",
          "title": "Verify POST Login api endpoint",
          "fullFile": "/tests/api/auth/post.loginUser.api.spec.ts",
          "file": "/api/auth/post.loginUser.api.spec.ts",
          "beforeHooks": [],
          "afterHooks": [],
          "tests": [
            {
              "title": "should fetch login token",
              "fullTitle": "Verify POST Login api endpoint should fetch login token",
              "timedOut": false,
              "duration": 636,
              "state": "passed",
              "speed": "slow",
              "pass": true,
              "fail": false,
              "pending": false,
              "context": null,
              "code": "return __awaiter(void 0, void 0, void 0, function () {\n            var loginUser, loginResponse;\n            return __generator(this, function (_a) {\n                switch (_a.label) {\n                    case 0:\n                        loginUser = {\n                            email: 'eve.holt@reqres.in',\n                            password: 'cityslicka'\n                        };\n                        return [4 /*yield*/, (0, apiUtil_1.loginUserApiRequest)(loginUser)];\n                    case 1:\n                        loginResponse = _a.sent();\n                        softExpect(loginResponse.status).to.be.eql(200);\n                        softExpect(loginResponse.data.token).to.be.not.undefined;\n                        (0, soft_assert_1.flush)();\n                        return [2 /*return*/];\n                }\n            });\n        });",
              "err": {},
              "uuid": "4bf58b1d-ce74-4a89-b7dc-c1aa1aa69487",
              "parentUUID": "36cf288e-c6a2-4441-90fd-1ef95c248727",
              "isHook": false,
              "skipped": false
            }
          ],
          "suites": [],
          "passes": [
            "4bf58b1d-ce74-4a89-b7dc-c1aa1aa69487"
          ],
          "failures": [],
          "pending": [],
          "skipped": [],
          "duration": 636,
          "root": false,
          "rootEmpty": false,
          "_timeout": 5000
        },
        {
          "uuid": "c20a0e86-0f0d-4cd4-a64e-525512e4f567",
          "title": "Verify HTTP DELETE method by using delete user api endpoint",
          "fullFile": "/tests/api/httpMethods/delete.deleteUser.api.spec.ts",
          "file": "/api/httpMethods/delete.deleteUser.api.spec.ts",
          "beforeHooks": [],
          "afterHooks": [],
          "tests": [
            {
              "title": "should delete an existing user using delete http method",
              "fullTitle": "Verify HTTP DELETE method by using delete user api endpoint should delete an existing user using delete http method",
              "timedOut": false,
              "duration": 624,
              "state": "passed",
              "speed": "slow",
              "pass": true,
              "fail": false,
              "pending": false,
              "context": null,
              "code": "return __awaiter(void 0, void 0, void 0, function () {\n            var authCreds, allUsersPageResponse, allUsersList, id, deleteUserResponse;\n            return __generator(this, function (_a) {\n                switch (_a.label) {\n                    case 0:\n                        authCreds = {\n                            username: 'eve.holt@reqres.in',\n                            password: 'cityslicka'\n                        };\n                        return [4 /*yield*/, (0, apiUtil_1.getAllUsersApiRequest)(authCreds)];\n                    case 1:\n                        allUsersPageResponse = _a.sent();\n                        softExpect(allUsersPageResponse).to.be.not.undefined;\n                        allUsersList = allUsersPageResponse.data.data;\n                        id = allUsersList[0].id;\n                        return [4 /*yield*/, (0, apiUtil_1.deleteApiRequest)(\"\".concat(apiUtil_1.userEndpoint, \"/\").concat(id), authCreds)];\n                    case 2:\n                        deleteUserResponse = _a.sent();\n                        softExpect(deleteUserResponse.status).to.be.eql(204);\n                        softExpect(deleteUserResponse.data).to.be.eql('');\n                        (0, soft_assert_1.flush)();\n                        return [2 /*return*/];\n                }\n            });\n        });",
              "err": {},
              "uuid": "3e163ad0-c8a6-4082-a604-59300b328d15",
              "parentUUID": "c20a0e86-0f0d-4cd4-a64e-525512e4f567",
              "isHook": false,
              "skipped": false
            }
          ],
          "suites": [],
          "passes": [
            "3e163ad0-c8a6-4082-a604-59300b328d15"
          ],
          "failures": [],
          "pending": [],
          "skipped": [],
          "duration": 624,
          "root": false,
          "rootEmpty": false,
          "_timeout": 5000
        },
        {
          "uuid": "deb0af26-9e8d-42e5-aa2c-09eb1cc452ad",
          "title": "Verify HTTP GET using get all users api endpoint",
          "fullFile": "/tests/api/httpMethods/get.getUsers.api.spec.ts",
          "file": "/api/httpMethods/get.getUsers.api.spec.ts",
          "beforeHooks": [],
          "afterHooks": [],
          "tests": [
            {
              "title": "should fetch all the available users with auth login token",
              "fullTitle": "Verify HTTP GET using get all users api endpoint should fetch all the available users with auth login token",
              "timedOut": false,
              "duration": 549,
              "state": "passed",
              "speed": "slow",
              "pass": true,
              "fail": false,
              "pending": false,
              "context": null,
              "code": "return __awaiter(void 0, void 0, void 0, function () {\n            var loginResponse, allUsersPageResponse;\n            return __generator(this, function (_a) {\n                switch (_a.label) {\n                    case 0: return [4 /*yield*/, (0, apiUtil_1.loginUserApiRequest)({\n                            email: 'eve.holt@reqres.in',\n                            password: 'cityslicka'\n                        })];\n                    case 1:\n                        loginResponse = _a.sent();\n                        return [4 /*yield*/, (0, apiUtil_1.getAllUsersApiRequest)(loginResponse.data.token)];\n                    case 2:\n                        allUsersPageResponse = _a.sent();\n                        verifyGetUsers(allUsersPageResponse);\n                        return [2 /*return*/];\n                }\n            });\n        });",
              "err": {},
              "uuid": "52846636-9dc1-4253-9084-0af66dd6f521",
              "parentUUID": "deb0af26-9e8d-42e5-aa2c-09eb1cc452ad",
              "isHook": false,
              "skipped": false
            },
            {
              "title": "should fetch all the available users with basic auth",
              "fullTitle": "Verify HTTP GET using get all users api endpoint should fetch all the available users with basic auth",
              "timedOut": false,
              "duration": 315,
              "state": "passed",
              "speed": "slow",
              "pass": true,
              "fail": false,
              "pending": false,
              "context": null,
              "code": "return __awaiter(void 0, void 0, void 0, function () {\n            var authCreds, allUsersPageResponse;\n            return __generator(this, function (_a) {\n                switch (_a.label) {\n                    case 0:\n                        authCreds = {\n                            username: 'eve.holt@reqres.in',\n                            password: 'cityslicka'\n                        };\n                        return [4 /*yield*/, (0, apiUtil_1.getAllUsersApiRequest)(authCreds)];\n                    case 1:\n                        allUsersPageResponse = _a.sent();\n                        verifyGetUsers(allUsersPageResponse);\n                        return [2 /*return*/];\n                }\n            });\n        });",
              "err": {},
              "uuid": "6ab6232b-98cb-4375-9c29-d67037276fca",
              "parentUUID": "deb0af26-9e8d-42e5-aa2c-09eb1cc452ad",
              "isHook": false,
              "skipped": false
            }
          ],
          "suites": [],
          "passes": [
            "52846636-9dc1-4253-9084-0af66dd6f521",
            "6ab6232b-98cb-4375-9c29-d67037276fca"
          ],
          "failures": [],
          "pending": [],
          "skipped": [],
          "duration": 864,
          "root": false,
          "rootEmpty": false,
          "_timeout": 5000
        },
        {
          "uuid": "e834a59e-1ba8-44a0-af39-d41c20945dc1",
          "title": "Verify HTTP PATCH by updating user api endpoint",
          "fullFile": "/tests/api/httpMethods/patch.updateUser.api.spec.ts",
          "file": "/api/httpMethods/patch.updateUser.api.spec.ts",
          "beforeHooks": [],
          "afterHooks": [],
          "tests": [
            {
              "title": "should update an existing user using patch http method",
              "fullTitle": "Verify HTTP PATCH by updating user api endpoint should update an existing user using patch http method",
              "timedOut": false,
              "duration": 713,
              "state": "passed",
              "speed": "slow",
              "pass": true,
              "fail": false,
              "pending": false,
              "context": null,
              "code": "return __awaiter(void 0, void 0, void 0, function () {\n            var authCreds, allUsersPageResponse, allUsersList, _a, name, oldJob, newJob, patchData, updateUserResponse, today;\n            return __generator(this, function (_b) {\n                switch (_b.label) {\n                    case 0:\n                        authCreds = {\n                            username: 'eve.holt@reqres.in',\n                            password: 'cityslicka'\n                        };\n                        return [4 /*yield*/, (0, apiUtil_1.getAllUsersApiRequest)(authCreds)];\n                    case 1:\n                        allUsersPageResponse = _b.sent();\n                        allUsersList = allUsersPageResponse.data.data;\n                        _a = allUsersList[1], name = _a.name, oldJob = _a.job;\n                        newJob = 'software developer';\n                        patchData = {\n                            name: name,\n                            job: newJob\n                        };\n                        return [4 /*yield*/, (0, apiUtil_1.patchApiRequest)(apiUtil_1.userEndpoint, patchData, authCreds)];\n                    case 2:\n                        updateUserResponse = _b.sent();\n                        softExpect(updateUserResponse.status).to.be.eql(200);\n                        softExpect(updateUserResponse.data).to.be.not.undefined;\n                        softExpect(updateUserResponse.data.updatedAt).to.be.not.undefined;\n                        softExpect(updateUserResponse.data.name).to.be.eql(name);\n                        softExpect(updateUserResponse.data.job).to.be.not.eql(oldJob);\n                        softExpect(updateUserResponse.data.job).to.be.eql(newJob);\n                        today = \"\".concat(new Date().toISOString()).split('T')[0];\n                        softExpect(updateUserResponse.data.updatedAt).to.contains(today);\n                        (0, soft_assert_1.flush)();\n                        return [2 /*return*/];\n                }\n            });\n        });",
              "err": {},
              "uuid": "f1e0cfa6-3260-4795-904c-bfb774fdc105",
              "parentUUID": "e834a59e-1ba8-44a0-af39-d41c20945dc1",
              "isHook": false,
              "skipped": false
            }
          ],
          "suites": [],
          "passes": [
            "f1e0cfa6-3260-4795-904c-bfb774fdc105"
          ],
          "failures": [],
          "pending": [],
          "skipped": [],
          "duration": 713,
          "root": false,
          "rootEmpty": false,
          "_timeout": 5000
        },
        {
          "uuid": "55a99340-1c15-4737-9156-becbaf09fd03",
          "title": "Verify HTTP POST create user api endpoint",
          "fullFile": "/tests/api/httpMethods/post.createUser.api.spec.ts",
          "file": "/api/httpMethods/post.createUser.api.spec.ts",
          "beforeHooks": [],
          "afterHooks": [],
          "tests": [
            {
              "title": "should fetch token for successful login",
              "fullTitle": "Verify HTTP POST create user api endpoint should fetch token for successful login",
              "timedOut": false,
              "duration": 438,
              "state": "passed",
              "speed": "slow",
              "pass": true,
              "fail": false,
              "pending": false,
              "context": null,
              "code": "return __awaiter(void 0, void 0, void 0, function () {\n            var authCreds, name, job, postData, createUserResponse, today;\n            return __generator(this, function (_a) {\n                switch (_a.label) {\n                    case 0:\n                        authCreds = {\n                            username: 'eve.holt@reqres.in',\n                            password: 'cityslicka'\n                        };\n                        name = (0, core_1.newUserData)().name;\n                        job = 'leader';\n                        postData = {\n                            name: name,\n                            job: job\n                        };\n                        return [4 /*yield*/, (0, apiUtil_1.postApiRequest)(apiUtil_1.userEndpoint, postData, authCreds)];\n                    case 1:\n                        createUserResponse = _a.sent();\n                        softExpect(createUserResponse.status).to.be.eql(201);\n                        softExpect(createUserResponse.data).to.be.not.undefined;\n                        softExpect(createUserResponse.data.id).to.be.not.undefined;\n                        softExpect(createUserResponse.data.createdAt).to.be.not.undefined;\n                        softExpect(createUserResponse.data.name).to.be.eql(name);\n                        softExpect(createUserResponse.data.job).to.be.eql(job);\n                        today = \"\".concat(new Date().toISOString()).split('T')[0];\n                        softExpect(createUserResponse.data.createdAt).to.contains(today);\n                        (0, soft_assert_1.flush)();\n                        return [2 /*return*/];\n                }\n            });\n        });",
              "err": {},
              "uuid": "646ea6c6-00fa-4510-ae44-2a948dff6796",
              "parentUUID": "55a99340-1c15-4737-9156-becbaf09fd03",
              "isHook": false,
              "skipped": false
            }
          ],
          "suites": [],
          "passes": [
            "646ea6c6-00fa-4510-ae44-2a948dff6796"
          ],
          "failures": [],
          "pending": [],
          "skipped": [],
          "duration": 438,
          "root": false,
          "rootEmpty": false,
          "_timeout": 5000
        },
        {
          "uuid": "ffd4009e-9a7f-4ab0-9cec-c2ae6ef3ea43",
          "title": "Verify HTTP POST register user api endpoint",
          "fullFile": "/tests/api/httpMethods/post.registerUser.api.spec.ts",
          "file": "/api/httpMethods/post.registerUser.api.spec.ts",
          "beforeHooks": [],
          "afterHooks": [],
          "tests": [
            {
              "title": "should receive error message for unsuccessful registration",
              "fullTitle": "Verify HTTP POST register user api endpoint should receive error message for unsuccessful registration",
              "timedOut": false,
              "duration": 337,
              "state": "passed",
              "speed": "slow",
              "pass": true,
              "fail": false,
              "pending": false,
              "context": null,
              "code": "return __awaiter(void 0, void 0, void 0, function () {\n            var authCreds, email, postData, registerUserResponse;\n            return __generator(this, function (_a) {\n                switch (_a.label) {\n                    case 0:\n                        authCreds = {\n                            username: 'eve.holt@reqres.in',\n                            password: 'cityslicka'\n                        };\n                        email = (0, core_1.newUserData)().email;\n                        postData = {\n                            email: email\n                        };\n                        return [4 /*yield*/, (0, apiUtil_1.postApiRequest)(apiUtil_1.registerEndpoint, postData, authCreds)];\n                    case 1:\n                        registerUserResponse = _a.sent();\n                        softExpect(registerUserResponse.status).to.be.eql(400);\n                        softExpect(registerUserResponse.data).to.be.not.undefined;\n                        softExpect(registerUserResponse.data.error).to.be.not.undefined;\n                        softExpect(registerUserResponse.data.error).to.be.eql('Missing password');\n                        (0, soft_assert_1.flush)();\n                        return [2 /*return*/];\n                }\n            });\n        });",
              "err": {},
              "uuid": "0b0bb721-532f-4d94-bae8-ce8f836b04b7",
              "parentUUID": "ffd4009e-9a7f-4ab0-9cec-c2ae6ef3ea43",
              "isHook": false,
              "skipped": false
            }
          ],
          "suites": [],
          "passes": [
            "0b0bb721-532f-4d94-bae8-ce8f836b04b7"
          ],
          "failures": [],
          "pending": [],
          "skipped": [],
          "duration": 337,
          "root": false,
          "rootEmpty": false,
          "_timeout": 5000
        },
        {
          "uuid": "0c7d1add-76a6-4893-a261-5f9418db8f0a",
          "title": "Verify HTTP PUT method by updating update user api endpoint",
          "fullFile": "/tests/api/httpMethods/put.updateUser.api.spec.ts",
          "file": "/api/httpMethods/put.updateUser.api.spec.ts",
          "beforeHooks": [],
          "afterHooks": [],
          "tests": [
            {
              "title": "should update an existing user using put http method",
              "fullTitle": "Verify HTTP PUT method by updating update user api endpoint should update an existing user using put http method",
              "timedOut": false,
              "duration": 704,
              "state": "passed",
              "speed": "slow",
              "pass": true,
              "fail": false,
              "pending": false,
              "context": null,
              "code": "return __awaiter(void 0, void 0, void 0, function () {\n            var authCreds, allUsersPageResponse, allUsersList, _a, name, oldJob, newJob, putData, updateUserResponse, today;\n            return __generator(this, function (_b) {\n                switch (_b.label) {\n                    case 0:\n                        authCreds = {\n                            username: 'eve.holt@reqres.in',\n                            password: 'cityslicka'\n                        };\n                        return [4 /*yield*/, (0, apiUtil_1.getAllUsersApiRequest)(authCreds)];\n                    case 1:\n                        allUsersPageResponse = _b.sent();\n                        allUsersList = allUsersPageResponse.data.data;\n                        _a = allUsersList[0], name = _a.name, oldJob = _a.job;\n                        newJob = 'software developer';\n                        putData = {\n                            name: name,\n                            job: newJob\n                        };\n                        return [4 /*yield*/, (0, apiUtil_1.putApiRequest)(apiUtil_1.userEndpoint, putData, authCreds)];\n                    case 2:\n                        updateUserResponse = _b.sent();\n                        /* eslint-enable */\n                        softExpect(updateUserResponse.status).to.be.eql(200);\n                        softExpect(updateUserResponse.data).to.be.not.undefined;\n                        softExpect(updateUserResponse.data.updatedAt).to.be.not.undefined;\n                        softExpect(updateUserResponse.data.name).to.be.eql(name);\n                        softExpect(updateUserResponse.data.job).to.be.not.eql(oldJob);\n                        softExpect(updateUserResponse.data.job).to.be.eql(newJob);\n                        today = \"\".concat(new Date().toISOString()).split('T')[0];\n                        softExpect(updateUserResponse.data.updatedAt).to.contains(today);\n                        (0, soft_assert_1.flush)();\n                        return [2 /*return*/];\n                }\n            });\n        });",
              "err": {},
              "uuid": "a21a9308-41ac-45ff-99bc-540c15333c51",
              "parentUUID": "0c7d1add-76a6-4893-a261-5f9418db8f0a",
              "isHook": false,
              "skipped": false
            }
          ],
          "suites": [],
          "passes": [
            "a21a9308-41ac-45ff-99bc-540c15333c51"
          ],
          "failures": [],
          "pending": [],
          "skipped": [],
          "duration": 704,
          "root": false,
          "rootEmpty": false,
          "_timeout": 5000
        },
        {
          "uuid": "1acbf523-f712-4387-a40e-24a489266777",
          "title": "Verify HTTP Status",
          "fullFile": "/tests/api/httpStatus/httpStatus.api.spec.ts",
          "file": "/api/httpStatus/httpStatus.api.spec.ts",
          "beforeHooks": [],
          "afterHooks": [],
          "tests": [],
          "suites": [
            {
              "uuid": "3bb546ce-be85-498b-a05b-edc17413633b",
              "title": "Verify 200 HTTP Status",
              "fullFile": "/tests/api/httpStatus/httpStatus.api.spec.ts",
              "file": "/api/httpStatus/httpStatus.api.spec.ts",
              "beforeHooks": [],
              "afterHooks": [],
              "tests": [
                {
                  "title": "should fetch all the available users with auth login token",
                  "fullTitle": "Verify HTTP Status Verify 200 HTTP Status should fetch all the available users with auth login token",
                  "timedOut": false,
                  "duration": 657,
                  "state": "passed",
                  "speed": "slow",
                  "pass": true,
                  "fail": false,
                  "pending": false,
                  "context": null,
                  "code": "return __awaiter(void 0, void 0, void 0, function () {\n                var loginResponse, allUsersPageResponse;\n                return __generator(this, function (_a) {\n                    switch (_a.label) {\n                        case 0: return [4 /*yield*/, (0, apiUtil_1.loginUserApiRequest)({\n                                email: 'eve.holt@reqres.in',\n                                password: 'cityslicka'\n                            })];\n                        case 1:\n                            loginResponse = _a.sent();\n                            return [4 /*yield*/, (0, apiUtil_1.getAllUsersApiRequest)(loginResponse.data.token)];\n                        case 2:\n                            allUsersPageResponse = _a.sent();\n                            (0, chai_1.expect)(allUsersPageResponse.status).to.be.eq(200);\n                            return [2 /*return*/];\n                    }\n                });\n            });",
                  "err": {},
                  "uuid": "a9fba71f-d95a-405b-9e4b-2f4da69b7e88",
                  "parentUUID": "3bb546ce-be85-498b-a05b-edc17413633b",
                  "isHook": false,
                  "skipped": false
                }
              ],
              "suites": [],
              "passes": [
                "a9fba71f-d95a-405b-9e4b-2f4da69b7e88"
              ],
              "failures": [],
              "pending": [],
              "skipped": [],
              "duration": 657,
              "root": false,
              "rootEmpty": false,
              "_timeout": 5000
            },
            {
              "uuid": "850c5bbc-e3ee-4e92-b45b-8f4e87444a64",
              "title": "Verify 201 HTTP Status",
              "fullFile": "/tests/api/httpStatus/httpStatus.api.spec.ts",
              "file": "/api/httpStatus/httpStatus.api.spec.ts",
              "beforeHooks": [],
              "afterHooks": [],
              "tests": [
                {
                  "title": "should create new user",
                  "fullTitle": "Verify HTTP Status Verify 201 HTTP Status should create new user",
                  "timedOut": false,
                  "duration": 475,
                  "state": "passed",
                  "speed": "slow",
                  "pass": true,
                  "fail": false,
                  "pending": false,
                  "context": null,
                  "code": "return __awaiter(void 0, void 0, void 0, function () {\n                var authCreds, name, job, postData, createUserResponse;\n                return __generator(this, function (_a) {\n                    switch (_a.label) {\n                        case 0:\n                            authCreds = {\n                                username: 'eve.holt@reqres.in',\n                                password: 'cityslicka'\n                            };\n                            name = (0, core_1.newUserData)().name;\n                            job = 'leader';\n                            postData = {\n                                name: name,\n                                job: job\n                            };\n                            return [4 /*yield*/, (0, apiUtil_1.postApiRequest)(apiUtil_1.userEndpoint, postData, authCreds)];\n                        case 1:\n                            createUserResponse = _a.sent();\n                            (0, chai_1.expect)(createUserResponse.status).to.be.eql(201);\n                            return [2 /*return*/];\n                    }\n                });\n            });",
                  "err": {},
                  "uuid": "853d2064-2baa-4a23-971d-abf3c0374f54",
                  "parentUUID": "850c5bbc-e3ee-4e92-b45b-8f4e87444a64",
                  "isHook": false,
                  "skipped": false
                }
              ],
              "suites": [],
              "passes": [
                "853d2064-2baa-4a23-971d-abf3c0374f54"
              ],
              "failures": [],
              "pending": [],
              "skipped": [],
              "duration": 475,
              "root": false,
              "rootEmpty": false,
              "_timeout": 5000
            },
            {
              "uuid": "c9a73438-28d9-4b0f-b251-4dbdd52a002e",
              "title": "Verify 204 HTTP Status",
              "fullFile": "/tests/api/httpStatus/httpStatus.api.spec.ts",
              "file": "/api/httpStatus/httpStatus.api.spec.ts",
              "beforeHooks": [],
              "afterHooks": [],
              "tests": [
                {
                  "title": "should delete an existing user using delete http method",
                  "fullTitle": "Verify HTTP Status Verify 204 HTTP Status should delete an existing user using delete http method",
                  "timedOut": false,
                  "duration": 787,
                  "state": "passed",
                  "speed": "slow",
                  "pass": true,
                  "fail": false,
                  "pending": false,
                  "context": null,
                  "code": "return __awaiter(void 0, void 0, void 0, function () {\n                var authCreds, allUsersPageResponse, allUsersList, id, deleteUserResponse;\n                return __generator(this, function (_a) {\n                    switch (_a.label) {\n                        case 0:\n                            authCreds = {\n                                username: 'eve.holt@reqres.in',\n                                password: 'cityslicka'\n                            };\n                            return [4 /*yield*/, (0, apiUtil_1.getAllUsersApiRequest)(authCreds)];\n                        case 1:\n                            allUsersPageResponse = _a.sent();\n                            (0, chai_1.expect)(allUsersPageResponse.status).to.be.eql(200);\n                            allUsersList = allUsersPageResponse.data.data;\n                            id = allUsersList[0].id;\n                            return [4 /*yield*/, (0, apiUtil_1.deleteApiRequest)(\"\".concat(apiUtil_1.userEndpoint, \"/\").concat(id), authCreds)];\n                        case 2:\n                            deleteUserResponse = _a.sent();\n                            (0, chai_1.expect)(deleteUserResponse.status).to.be.eql(204);\n                            return [2 /*return*/];\n                    }\n                });\n            });",
                  "err": {},
                  "uuid": "a513ddae-3576-43c0-816d-00f504aeb243",
                  "parentUUID": "c9a73438-28d9-4b0f-b251-4dbdd52a002e",
                  "isHook": false,
                  "skipped": false
                }
              ],
              "suites": [],
              "passes": [
                "a513ddae-3576-43c0-816d-00f504aeb243"
              ],
              "failures": [],
              "pending": [],
              "skipped": [],
              "duration": 787,
              "root": false,
              "rootEmpty": false,
              "_timeout": 5000
            },
            {
              "uuid": "844a1aa0-3ea9-4532-9df1-1d877cb49404",
              "title": "Verify 400 HTTP Status",
              "fullFile": "/tests/api/httpStatus/httpStatus.api.spec.ts",
              "file": "/api/httpStatus/httpStatus.api.spec.ts",
              "beforeHooks": [],
              "afterHooks": [],
              "tests": [
                {
                  "title": "should return 400 for an incomplete user json payload request",
                  "fullTitle": "Verify HTTP Status Verify 400 HTTP Status should return 400 for an incomplete user json payload request",
                  "timedOut": false,
                  "duration": 326,
                  "state": "passed",
                  "speed": "slow",
                  "pass": true,
                  "fail": false,
                  "pending": false,
                  "context": null,
                  "code": "return __awaiter(void 0, void 0, void 0, function () {\n                var authCreds, email, postData, registerUserResponse;\n                return __generator(this, function (_a) {\n                    switch (_a.label) {\n                        case 0:\n                            authCreds = {\n                                username: 'eve.holt@reqres.in',\n                                password: 'cityslicka'\n                            };\n                            email = (0, core_1.newUserData)().email;\n                            postData = {\n                                email: email\n                            };\n                            return [4 /*yield*/, (0, apiUtil_1.postApiRequest)(apiUtil_1.registerEndpoint, postData, authCreds)];\n                        case 1:\n                            registerUserResponse = _a.sent();\n                            (0, chai_1.expect)(registerUserResponse.status).to.be.eql(400);\n                            return [2 /*return*/];\n                    }\n                });\n            });",
                  "err": {},
                  "uuid": "fa58cca0-df21-465c-a28e-af6dc0b7fae6",
                  "parentUUID": "844a1aa0-3ea9-4532-9df1-1d877cb49404",
                  "isHook": false,
                  "skipped": false
                }
              ],
              "suites": [],
              "passes": [
                "fa58cca0-df21-465c-a28e-af6dc0b7fae6"
              ],
              "failures": [],
              "pending": [],
              "skipped": [],
              "duration": 326,
              "root": false,
              "rootEmpty": false,
              "_timeout": 5000
            },
            {
              "uuid": "cd77eb6f-379a-4f90-9206-5fbef1031ef2",
              "title": "Verify 404 HTTP Status",
              "fullFile": "/tests/api/httpStatus/httpStatus.api.spec.ts",
              "file": "/api/httpStatus/httpStatus.api.spec.ts",
              "beforeHooks": [],
              "afterHooks": [],
              "tests": [
                {
                  "title": "should return 404 for an unknown user endpoint",
                  "fullTitle": "Verify HTTP Status Verify 404 HTTP Status should return 404 for an unknown user endpoint",
                  "timedOut": false,
                  "duration": 400,
                  "state": "passed",
                  "speed": "slow",
                  "pass": true,
                  "fail": false,
                  "pending": false,
                  "context": null,
                  "code": "return __awaiter(void 0, void 0, void 0, function () {\n                var authCreds, id, deleteUserResponse;\n                return __generator(this, function (_a) {\n                    switch (_a.label) {\n                        case 0:\n                            authCreds = {\n                                username: 'eve.holt@reqres.in',\n                                password: 'cityslicka'\n                            };\n                            id = 100;\n                            return [4 /*yield*/, (0, apiUtil_1.getApiRequest)(\"\".concat(apiUtil_1.userEndpoint, \"/\").concat(id), authCreds)];\n                        case 1:\n                            deleteUserResponse = _a.sent();\n                            (0, chai_1.expect)(deleteUserResponse.status).to.be.eql(404);\n                            return [2 /*return*/];\n                    }\n                });\n            });",
                  "err": {},
                  "uuid": "20935c0b-f6a8-4e50-b14b-52469e114d2f",
                  "parentUUID": "cd77eb6f-379a-4f90-9206-5fbef1031ef2",
                  "isHook": false,
                  "skipped": false
                }
              ],
              "suites": [],
              "passes": [
                "20935c0b-f6a8-4e50-b14b-52469e114d2f"
              ],
              "failures": [],
              "pending": [],
              "skipped": [],
              "duration": 400,
              "root": false,
              "rootEmpty": false,
              "_timeout": 5000
            }
          ],
          "passes": [],
          "failures": [],
          "pending": [],
          "skipped": [],
          "duration": 0,
          "root": false,
          "rootEmpty": false,
          "_timeout": 5000
        }
      ],
      "passes": [],
      "failures": [],
      "pending": [],
      "skipped": [],
      "duration": 0,
      "root": true,
      "rootEmpty": true,
      "_timeout": 5000
    }
  ],
  "meta": {
    "mocha": {
      "version": "9.2.1"
    },
    "mochawesome": {
      "options": {
        "quiet": false,
        "reportFilename": "mochawesome",
        "saveHtml": false,
        "saveJson": true,
        "consoleReporter": "spec",
        "useInlineDiffs": false,
        "code": true
      },
      "version": "6.2.2"
    },
    "marge": {
      "options": {
        "id": "default",
        "reportDir": "./reports/mocha/api",
        "overwrite": false,
        "html": false,
        "json": true,
        "timestamp": "mmddyyyy_HHMMss"
      },
      "version": "5.2.0"
    }
  }
}