{
  "stats": {
    "suites": 13,
    "tests": 13,
    "passes": 13,
    "pending": 0,
    "failures": 0,
    "start": "2022-03-13T17:54:40.533Z",
    "end": "2022-03-13T17:54:47.574Z",
    "duration": 7041,
    "testsRegistered": 13,
    "passPercent": 100,
    "pendingPercent": 0,
    "other": 0,
    "hasOther": false,
    "skipped": 0,
    "hasSkipped": false
  },
  "results": [
    {
      "uuid": "c8cdce4c-596d-4a22-b525-d93289a24cff",
      "title": "",
      "fullFile": "",
      "file": "",
      "beforeHooks": [],
      "afterHooks": [],
      "tests": [],
      "suites": [
        {
          "uuid": "13da699c-50a2-44ac-8479-0064ed5a71ce",
          "title": "Verify POST Login api endpoint",
          "fullFile": "/tests/api/auth/post.loginUser.api.spec.ts",
          "file": "/api/auth/post.loginUser.api.spec.ts",
          "beforeHooks": [],
          "afterHooks": [],
          "tests": [
            {
              "title": "should fetch login token",
              "fullTitle": "Verify POST Login api endpoint should fetch login token",
              "timedOut": false,
              "duration": 557,
              "state": "passed",
              "speed": "slow",
              "pass": true,
              "fail": false,
              "pending": false,
              "context": null,
              "code": "return __awaiter(void 0, void 0, void 0, function () {\n            var loginUser, loginResponse;\n            return __generator(this, function (_a) {\n                switch (_a.label) {\n                    case 0:\n                        loginUser = {\n                            email: 'eve.holt@reqres.in',\n                            password: 'cityslicka'\n                        };\n                        return [4 /*yield*/, (0, apiUtil_1.loginUserApiRequest)(loginUser)];\n                    case 1:\n                        loginResponse = _a.sent();\n                        softExpect(loginResponse.status).to.be.eql(200);\n                        softExpect(loginResponse.data.token).to.be.not.undefined;\n                        (0, soft_assert_1.flush)();\n                        return [2 /*return*/];\n                }\n            });\n        });",
              "err": {},
              "uuid": "41e34b67-cc04-4d05-8b30-70efa26a0c74",
              "parentUUID": "13da699c-50a2-44ac-8479-0064ed5a71ce",
              "isHook": false,
              "skipped": false
            }
          ],
          "suites": [],
          "passes": [
            "41e34b67-cc04-4d05-8b30-70efa26a0c74"
          ],
          "failures": [],
          "pending": [],
          "skipped": [],
          "duration": 557,
          "root": false,
          "rootEmpty": false,
          "_timeout": 5000
        },
        {
          "uuid": "ace48a29-4d08-4bb8-bd85-41e3602d5a67",
          "title": "Verify HTTP DELETE method by using delete user api endpoint",
          "fullFile": "/tests/api/httpMethods/delete.deleteUser.api.spec.ts",
          "file": "/api/httpMethods/delete.deleteUser.api.spec.ts",
          "beforeHooks": [],
          "afterHooks": [],
          "tests": [
            {
              "title": "should delete an existing user using delete http method",
              "fullTitle": "Verify HTTP DELETE method by using delete user api endpoint should delete an existing user using delete http method",
              "timedOut": false,
              "duration": 768,
              "state": "passed",
              "speed": "slow",
              "pass": true,
              "fail": false,
              "pending": false,
              "context": null,
              "code": "return __awaiter(void 0, void 0, void 0, function () {\n            var authCreds, allUsersPageResponse, allUsersList, id, deleteUserResponse;\n            return __generator(this, function (_a) {\n                switch (_a.label) {\n                    case 0:\n                        authCreds = {\n                            username: 'eve.holt@reqres.in',\n                            password: 'cityslicka'\n                        };\n                        return [4 /*yield*/, (0, apiUtil_1.getAllUsersApiRequest)(authCreds)];\n                    case 1:\n                        allUsersPageResponse = _a.sent();\n                        softExpect(allUsersPageResponse).to.be.not.undefined;\n                        allUsersList = allUsersPageResponse.data.data;\n                        id = allUsersList[0].id;\n                        return [4 /*yield*/, (0, apiUtil_1.deleteApiRequest)(\"\".concat(apiUtil_1.userEndpoint, \"/\").concat(id), authCreds)];\n                    case 2:\n                        deleteUserResponse = _a.sent();\n                        softExpect(deleteUserResponse.status).to.be.eql(204);\n                        softExpect(deleteUserResponse.data).to.be.eql('');\n                        (0, soft_assert_1.flush)();\n                        return [2 /*return*/];\n                }\n            });\n        });",
              "err": {},
              "uuid": "48798f60-0bc1-45de-8a2b-3a647cc0b3e1",
              "parentUUID": "ace48a29-4d08-4bb8-bd85-41e3602d5a67",
              "isHook": false,
              "skipped": false
            }
          ],
          "suites": [],
          "passes": [
            "48798f60-0bc1-45de-8a2b-3a647cc0b3e1"
          ],
          "failures": [],
          "pending": [],
          "skipped": [],
          "duration": 768,
          "root": false,
          "rootEmpty": false,
          "_timeout": 5000
        },
        {
          "uuid": "a5a56399-b9d7-478b-91d8-5f19d0a2afce",
          "title": "Verify HTTP GET using get all users api endpoint",
          "fullFile": "/tests/api/httpMethods/get.getUsers.api.spec.ts",
          "file": "/api/httpMethods/get.getUsers.api.spec.ts",
          "beforeHooks": [],
          "afterHooks": [],
          "tests": [
            {
              "title": "should fetch all the available users with auth login token",
              "fullTitle": "Verify HTTP GET using get all users api endpoint should fetch all the available users with auth login token",
              "timedOut": false,
              "duration": 688,
              "state": "passed",
              "speed": "slow",
              "pass": true,
              "fail": false,
              "pending": false,
              "context": null,
              "code": "return __awaiter(void 0, void 0, void 0, function () {\n            var loginResponse, allUsersPageResponse;\n            return __generator(this, function (_a) {\n                switch (_a.label) {\n                    case 0: return [4 /*yield*/, (0, apiUtil_1.loginUserApiRequest)({\n                            email: 'eve.holt@reqres.in',\n                            password: 'cityslicka'\n                        })];\n                    case 1:\n                        loginResponse = _a.sent();\n                        return [4 /*yield*/, (0, apiUtil_1.getAllUsersApiRequest)(loginResponse.data.token)];\n                    case 2:\n                        allUsersPageResponse = _a.sent();\n                        verifyGetUsers(allUsersPageResponse);\n                        return [2 /*return*/];\n                }\n            });\n        });",
              "err": {},
              "uuid": "b859b185-feac-49f1-9967-c1b9dfe6818e",
              "parentUUID": "a5a56399-b9d7-478b-91d8-5f19d0a2afce",
              "isHook": false,
              "skipped": false
            },
            {
              "title": "should fetch all the available users with basic auth",
              "fullTitle": "Verify HTTP GET using get all users api endpoint should fetch all the available users with basic auth",
              "timedOut": false,
              "duration": 252,
              "state": "passed",
              "speed": "slow",
              "pass": true,
              "fail": false,
              "pending": false,
              "context": null,
              "code": "return __awaiter(void 0, void 0, void 0, function () {\n            var authCreds, allUsersPageResponse;\n            return __generator(this, function (_a) {\n                switch (_a.label) {\n                    case 0:\n                        authCreds = {\n                            username: 'eve.holt@reqres.in',\n                            password: 'cityslicka'\n                        };\n                        return [4 /*yield*/, (0, apiUtil_1.getAllUsersApiRequest)(authCreds)];\n                    case 1:\n                        allUsersPageResponse = _a.sent();\n                        verifyGetUsers(allUsersPageResponse);\n                        return [2 /*return*/];\n                }\n            });\n        });",
              "err": {},
              "uuid": "d6485f8c-dcea-4702-ab0d-4e6e8b720e32",
              "parentUUID": "a5a56399-b9d7-478b-91d8-5f19d0a2afce",
              "isHook": false,
              "skipped": false
            }
          ],
          "suites": [],
          "passes": [
            "b859b185-feac-49f1-9967-c1b9dfe6818e",
            "d6485f8c-dcea-4702-ab0d-4e6e8b720e32"
          ],
          "failures": [],
          "pending": [],
          "skipped": [],
          "duration": 940,
          "root": false,
          "rootEmpty": false,
          "_timeout": 5000
        },
        {
          "uuid": "141bffc7-3a3c-4032-a9bc-457d44c05de0",
          "title": "Verify HTTP PATCH by updating user api endpoint",
          "fullFile": "/tests/api/httpMethods/patch.updateUser.api.spec.ts",
          "file": "/api/httpMethods/patch.updateUser.api.spec.ts",
          "beforeHooks": [],
          "afterHooks": [],
          "tests": [
            {
              "title": "should update an existing user using patch http method",
              "fullTitle": "Verify HTTP PATCH by updating user api endpoint should update an existing user using patch http method",
              "timedOut": false,
              "duration": 671,
              "state": "passed",
              "speed": "slow",
              "pass": true,
              "fail": false,
              "pending": false,
              "context": null,
              "code": "return __awaiter(void 0, void 0, void 0, function () {\n            var authCreds, allUsersPageResponse, allUsersList, _a, name, oldJob, newJob, patchData, updateUserResponse, today;\n            return __generator(this, function (_b) {\n                switch (_b.label) {\n                    case 0:\n                        authCreds = {\n                            username: 'eve.holt@reqres.in',\n                            password: 'cityslicka'\n                        };\n                        return [4 /*yield*/, (0, apiUtil_1.getAllUsersApiRequest)(authCreds)];\n                    case 1:\n                        allUsersPageResponse = _b.sent();\n                        allUsersList = allUsersPageResponse.data.data;\n                        _a = allUsersList[1], name = _a.name, oldJob = _a.job;\n                        newJob = 'software developer';\n                        patchData = {\n                            name: name,\n                            job: newJob\n                        };\n                        return [4 /*yield*/, (0, apiUtil_1.patchApiRequest)(apiUtil_1.userEndpoint, patchData, authCreds)];\n                    case 2:\n                        updateUserResponse = _b.sent();\n                        softExpect(updateUserResponse.status).to.be.eql(200);\n                        softExpect(updateUserResponse.data).to.be.not.undefined;\n                        softExpect(updateUserResponse.data.updatedAt).to.be.not.undefined;\n                        softExpect(updateUserResponse.data.name).to.be.eql(name);\n                        softExpect(updateUserResponse.data.job).to.be.not.eql(oldJob);\n                        softExpect(updateUserResponse.data.job).to.be.eql(newJob);\n                        today = \"\".concat(new Date().toISOString()).split('T')[0];\n                        softExpect(updateUserResponse.data.updatedAt).to.contains(today);\n                        (0, soft_assert_1.flush)();\n                        return [2 /*return*/];\n                }\n            });\n        });",
              "err": {},
              "uuid": "ce076499-84a1-4def-a274-542d9ea99f89",
              "parentUUID": "141bffc7-3a3c-4032-a9bc-457d44c05de0",
              "isHook": false,
              "skipped": false
            }
          ],
          "suites": [],
          "passes": [
            "ce076499-84a1-4def-a274-542d9ea99f89"
          ],
          "failures": [],
          "pending": [],
          "skipped": [],
          "duration": 671,
          "root": false,
          "rootEmpty": false,
          "_timeout": 5000
        },
        {
          "uuid": "0d041727-4841-465c-8c66-cb76b0dfbeec",
          "title": "Verify HTTP POST create user api endpoint",
          "fullFile": "/tests/api/httpMethods/post.createUser.api.spec.ts",
          "file": "/api/httpMethods/post.createUser.api.spec.ts",
          "beforeHooks": [],
          "afterHooks": [],
          "tests": [
            {
              "title": "should fetch token for successful login",
              "fullTitle": "Verify HTTP POST create user api endpoint should fetch token for successful login",
              "timedOut": false,
              "duration": 473,
              "state": "passed",
              "speed": "slow",
              "pass": true,
              "fail": false,
              "pending": false,
              "context": null,
              "code": "return __awaiter(void 0, void 0, void 0, function () {\n            var authCreds, name, job, postData, createUserResponse, today;\n            return __generator(this, function (_a) {\n                switch (_a.label) {\n                    case 0:\n                        authCreds = {\n                            username: 'eve.holt@reqres.in',\n                            password: 'cityslicka'\n                        };\n                        name = (0, core_1.newUserData)().name;\n                        job = 'leader';\n                        postData = {\n                            name: name,\n                            job: job\n                        };\n                        return [4 /*yield*/, (0, apiUtil_1.postApiRequest)(apiUtil_1.userEndpoint, postData, authCreds)];\n                    case 1:\n                        createUserResponse = _a.sent();\n                        softExpect(createUserResponse.status).to.be.eql(201);\n                        softExpect(createUserResponse.data).to.be.not.undefined;\n                        softExpect(createUserResponse.data.id).to.be.not.undefined;\n                        softExpect(createUserResponse.data.createdAt).to.be.not.undefined;\n                        softExpect(createUserResponse.data.name).to.be.eql(name);\n                        softExpect(createUserResponse.data.job).to.be.eql(job);\n                        today = \"\".concat(new Date().toISOString()).split('T')[0];\n                        softExpect(createUserResponse.data.createdAt).to.contains(today);\n                        (0, soft_assert_1.flush)();\n                        return [2 /*return*/];\n                }\n            });\n        });",
              "err": {},
              "uuid": "d090be85-baab-473f-b90e-075d0b951c8c",
              "parentUUID": "0d041727-4841-465c-8c66-cb76b0dfbeec",
              "isHook": false,
              "skipped": false
            }
          ],
          "suites": [],
          "passes": [
            "d090be85-baab-473f-b90e-075d0b951c8c"
          ],
          "failures": [],
          "pending": [],
          "skipped": [],
          "duration": 473,
          "root": false,
          "rootEmpty": false,
          "_timeout": 5000
        },
        {
          "uuid": "d882d031-403d-4768-8194-6d36d257ff8e",
          "title": "Verify HTTP POST register user api endpoint",
          "fullFile": "/tests/api/httpMethods/post.registerUser.api.spec.ts",
          "file": "/api/httpMethods/post.registerUser.api.spec.ts",
          "beforeHooks": [],
          "afterHooks": [],
          "tests": [
            {
              "title": "should receive error message for unsuccessful registration",
              "fullTitle": "Verify HTTP POST register user api endpoint should receive error message for unsuccessful registration",
              "timedOut": false,
              "duration": 511,
              "state": "passed",
              "speed": "slow",
              "pass": true,
              "fail": false,
              "pending": false,
              "context": null,
              "code": "return __awaiter(void 0, void 0, void 0, function () {\n            var authCreds, email, postData, registerUserResponse;\n            return __generator(this, function (_a) {\n                switch (_a.label) {\n                    case 0:\n                        authCreds = {\n                            username: 'eve.holt@reqres.in',\n                            password: 'cityslicka'\n                        };\n                        email = (0, core_1.newUserData)().email;\n                        postData = {\n                            email: email\n                        };\n                        return [4 /*yield*/, (0, apiUtil_1.postApiRequest)(apiUtil_1.registerEndpoint, postData, authCreds)];\n                    case 1:\n                        registerUserResponse = _a.sent();\n                        softExpect(registerUserResponse.status).to.be.eql(400);\n                        softExpect(registerUserResponse.data).to.be.not.undefined;\n                        softExpect(registerUserResponse.data.error).to.be.not.undefined;\n                        softExpect(registerUserResponse.data.error).to.be.eql('Missing password');\n                        (0, soft_assert_1.flush)();\n                        return [2 /*return*/];\n                }\n            });\n        });",
              "err": {},
              "uuid": "99ab4094-64b1-47cd-a41f-6313ad483c8e",
              "parentUUID": "d882d031-403d-4768-8194-6d36d257ff8e",
              "isHook": false,
              "skipped": false
            }
          ],
          "suites": [],
          "passes": [
            "99ab4094-64b1-47cd-a41f-6313ad483c8e"
          ],
          "failures": [],
          "pending": [],
          "skipped": [],
          "duration": 511,
          "root": false,
          "rootEmpty": false,
          "_timeout": 5000
        },
        {
          "uuid": "52f8fe65-01ab-4c8f-a59a-5b7f05d5b1ce",
          "title": "Verify HTTP PUT method by updating update user api endpoint",
          "fullFile": "/tests/api/httpMethods/put.updateUser.api.spec.ts",
          "file": "/api/httpMethods/put.updateUser.api.spec.ts",
          "beforeHooks": [],
          "afterHooks": [],
          "tests": [
            {
              "title": "should update an existing user using put http method",
              "fullTitle": "Verify HTTP PUT method by updating update user api endpoint should update an existing user using put http method",
              "timedOut": false,
              "duration": 567,
              "state": "passed",
              "speed": "slow",
              "pass": true,
              "fail": false,
              "pending": false,
              "context": null,
              "code": "return __awaiter(void 0, void 0, void 0, function () {\n            var authCreds, allUsersPageResponse, allUsersList, _a, name, oldJob, newJob, putData, updateUserResponse, today;\n            return __generator(this, function (_b) {\n                switch (_b.label) {\n                    case 0:\n                        authCreds = {\n                            username: 'eve.holt@reqres.in',\n                            password: 'cityslicka'\n                        };\n                        return [4 /*yield*/, (0, apiUtil_1.getAllUsersApiRequest)(authCreds)];\n                    case 1:\n                        allUsersPageResponse = _b.sent();\n                        allUsersList = allUsersPageResponse.data.data;\n                        _a = allUsersList[0], name = _a.name, oldJob = _a.job;\n                        newJob = 'software developer';\n                        putData = {\n                            name: name,\n                            job: newJob\n                        };\n                        return [4 /*yield*/, (0, apiUtil_1.putApiRequest)(apiUtil_1.userEndpoint, putData, authCreds)];\n                    case 2:\n                        updateUserResponse = _b.sent();\n                        /* eslint-enable */\n                        softExpect(updateUserResponse.status).to.be.eql(200);\n                        softExpect(updateUserResponse.data).to.be.not.undefined;\n                        softExpect(updateUserResponse.data.updatedAt).to.be.not.undefined;\n                        softExpect(updateUserResponse.data.name).to.be.eql(name);\n                        softExpect(updateUserResponse.data.job).to.be.not.eql(oldJob);\n                        softExpect(updateUserResponse.data.job).to.be.eql(newJob);\n                        today = \"\".concat(new Date().toISOString()).split('T')[0];\n                        softExpect(updateUserResponse.data.updatedAt).to.contains(today);\n                        (0, soft_assert_1.flush)();\n                        return [2 /*return*/];\n                }\n            });\n        });",
              "err": {},
              "uuid": "5ff8f3c7-b105-4640-b931-5d84991bb9ab",
              "parentUUID": "52f8fe65-01ab-4c8f-a59a-5b7f05d5b1ce",
              "isHook": false,
              "skipped": false
            }
          ],
          "suites": [],
          "passes": [
            "5ff8f3c7-b105-4640-b931-5d84991bb9ab"
          ],
          "failures": [],
          "pending": [],
          "skipped": [],
          "duration": 567,
          "root": false,
          "rootEmpty": false,
          "_timeout": 5000
        },
        {
          "uuid": "faaf98b3-d86e-4380-807d-1002b16ccc6a",
          "title": "Verify HTTP Status",
          "fullFile": "/tests/api/httpStatus/httpStatus.api.spec.ts",
          "file": "/api/httpStatus/httpStatus.api.spec.ts",
          "beforeHooks": [],
          "afterHooks": [],
          "tests": [],
          "suites": [
            {
              "uuid": "8b6697d6-e633-4230-b2f4-f5f502f49a0d",
              "title": "Verify 200 HTTP Status",
              "fullFile": "/tests/api/httpStatus/httpStatus.api.spec.ts",
              "file": "/api/httpStatus/httpStatus.api.spec.ts",
              "beforeHooks": [],
              "afterHooks": [],
              "tests": [
                {
                  "title": "should fetch all the available users with auth login token",
                  "fullTitle": "Verify HTTP Status Verify 200 HTTP Status should fetch all the available users with auth login token",
                  "timedOut": false,
                  "duration": 618,
                  "state": "passed",
                  "speed": "slow",
                  "pass": true,
                  "fail": false,
                  "pending": false,
                  "context": null,
                  "code": "return __awaiter(void 0, void 0, void 0, function () {\n                var loginResponse, allUsersPageResponse;\n                return __generator(this, function (_a) {\n                    switch (_a.label) {\n                        case 0: return [4 /*yield*/, (0, apiUtil_1.loginUserApiRequest)({\n                                email: 'eve.holt@reqres.in',\n                                password: 'cityslicka'\n                            })];\n                        case 1:\n                            loginResponse = _a.sent();\n                            return [4 /*yield*/, (0, apiUtil_1.getAllUsersApiRequest)(loginResponse.data.token)];\n                        case 2:\n                            allUsersPageResponse = _a.sent();\n                            (0, chai_1.expect)(allUsersPageResponse.status).to.be.eq(200);\n                            return [2 /*return*/];\n                    }\n                });\n            });",
                  "err": {},
                  "uuid": "6e86ddd3-d0ee-4d0d-8c3d-f16539717652",
                  "parentUUID": "8b6697d6-e633-4230-b2f4-f5f502f49a0d",
                  "isHook": false,
                  "skipped": false
                }
              ],
              "suites": [],
              "passes": [
                "6e86ddd3-d0ee-4d0d-8c3d-f16539717652"
              ],
              "failures": [],
              "pending": [],
              "skipped": [],
              "duration": 618,
              "root": false,
              "rootEmpty": false,
              "_timeout": 5000
            },
            {
              "uuid": "84f24361-c000-4813-ba93-0b0ad9e26f67",
              "title": "Verify 201 HTTP Status",
              "fullFile": "/tests/api/httpStatus/httpStatus.api.spec.ts",
              "file": "/api/httpStatus/httpStatus.api.spec.ts",
              "beforeHooks": [],
              "afterHooks": [],
              "tests": [
                {
                  "title": "should create new user",
                  "fullTitle": "Verify HTTP Status Verify 201 HTTP Status should create new user",
                  "timedOut": false,
                  "duration": 443,
                  "state": "passed",
                  "speed": "slow",
                  "pass": true,
                  "fail": false,
                  "pending": false,
                  "context": null,
                  "code": "return __awaiter(void 0, void 0, void 0, function () {\n                var authCreds, name, job, postData, createUserResponse;\n                return __generator(this, function (_a) {\n                    switch (_a.label) {\n                        case 0:\n                            authCreds = {\n                                username: 'eve.holt@reqres.in',\n                                password: 'cityslicka'\n                            };\n                            name = (0, core_1.newUserData)().name;\n                            job = 'leader';\n                            postData = {\n                                name: name,\n                                job: job\n                            };\n                            return [4 /*yield*/, (0, apiUtil_1.postApiRequest)(apiUtil_1.userEndpoint, postData, authCreds)];\n                        case 1:\n                            createUserResponse = _a.sent();\n                            (0, chai_1.expect)(createUserResponse.status).to.be.eql(201);\n                            return [2 /*return*/];\n                    }\n                });\n            });",
                  "err": {},
                  "uuid": "355e1826-517b-4f32-ba24-efa62a3861bf",
                  "parentUUID": "84f24361-c000-4813-ba93-0b0ad9e26f67",
                  "isHook": false,
                  "skipped": false
                }
              ],
              "suites": [],
              "passes": [
                "355e1826-517b-4f32-ba24-efa62a3861bf"
              ],
              "failures": [],
              "pending": [],
              "skipped": [],
              "duration": 443,
              "root": false,
              "rootEmpty": false,
              "_timeout": 5000
            },
            {
              "uuid": "04bf8f67-186d-4a3e-8820-06f76b9ffe13",
              "title": "Verify 204 HTTP Status",
              "fullFile": "/tests/api/httpStatus/httpStatus.api.spec.ts",
              "file": "/api/httpStatus/httpStatus.api.spec.ts",
              "beforeHooks": [],
              "afterHooks": [],
              "tests": [
                {
                  "title": "should delete an existing user using delete http method",
                  "fullTitle": "Verify HTTP Status Verify 204 HTTP Status should delete an existing user using delete http method",
                  "timedOut": false,
                  "duration": 617,
                  "state": "passed",
                  "speed": "slow",
                  "pass": true,
                  "fail": false,
                  "pending": false,
                  "context": null,
                  "code": "return __awaiter(void 0, void 0, void 0, function () {\n                var authCreds, allUsersPageResponse, allUsersList, id, deleteUserResponse;\n                return __generator(this, function (_a) {\n                    switch (_a.label) {\n                        case 0:\n                            authCreds = {\n                                username: 'eve.holt@reqres.in',\n                                password: 'cityslicka'\n                            };\n                            return [4 /*yield*/, (0, apiUtil_1.getAllUsersApiRequest)(authCreds)];\n                        case 1:\n                            allUsersPageResponse = _a.sent();\n                            (0, chai_1.expect)(allUsersPageResponse.status).to.be.eql(200);\n                            allUsersList = allUsersPageResponse.data.data;\n                            id = allUsersList[0].id;\n                            return [4 /*yield*/, (0, apiUtil_1.deleteApiRequest)(\"\".concat(apiUtil_1.userEndpoint, \"/\").concat(id), authCreds)];\n                        case 2:\n                            deleteUserResponse = _a.sent();\n                            (0, chai_1.expect)(deleteUserResponse.status).to.be.eql(204);\n                            return [2 /*return*/];\n                    }\n                });\n            });",
                  "err": {},
                  "uuid": "7668519a-bffe-47ee-977d-1a1ce925a565",
                  "parentUUID": "04bf8f67-186d-4a3e-8820-06f76b9ffe13",
                  "isHook": false,
                  "skipped": false
                }
              ],
              "suites": [],
              "passes": [
                "7668519a-bffe-47ee-977d-1a1ce925a565"
              ],
              "failures": [],
              "pending": [],
              "skipped": [],
              "duration": 617,
              "root": false,
              "rootEmpty": false,
              "_timeout": 5000
            },
            {
              "uuid": "61c695f0-3452-4d66-9940-d3ba37c06a3b",
              "title": "Verify 400 HTTP Status",
              "fullFile": "/tests/api/httpStatus/httpStatus.api.spec.ts",
              "file": "/api/httpStatus/httpStatus.api.spec.ts",
              "beforeHooks": [],
              "afterHooks": [],
              "tests": [
                {
                  "title": "should return 400 for an incomplete user json payload request",
                  "fullTitle": "Verify HTTP Status Verify 400 HTTP Status should return 400 for an incomplete user json payload request",
                  "timedOut": false,
                  "duration": 390,
                  "state": "passed",
                  "speed": "slow",
                  "pass": true,
                  "fail": false,
                  "pending": false,
                  "context": null,
                  "code": "return __awaiter(void 0, void 0, void 0, function () {\n                var authCreds, email, postData, registerUserResponse;\n                return __generator(this, function (_a) {\n                    switch (_a.label) {\n                        case 0:\n                            authCreds = {\n                                username: 'eve.holt@reqres.in',\n                                password: 'cityslicka'\n                            };\n                            email = (0, core_1.newUserData)().email;\n                            postData = {\n                                email: email\n                            };\n                            return [4 /*yield*/, (0, apiUtil_1.postApiRequest)(apiUtil_1.registerEndpoint, postData, authCreds)];\n                        case 1:\n                            registerUserResponse = _a.sent();\n                            (0, chai_1.expect)(registerUserResponse.status).to.be.eql(400);\n                            return [2 /*return*/];\n                    }\n                });\n            });",
                  "err": {},
                  "uuid": "d16d84a8-7c29-4f6a-91e4-bef76ce1887f",
                  "parentUUID": "61c695f0-3452-4d66-9940-d3ba37c06a3b",
                  "isHook": false,
                  "skipped": false
                }
              ],
              "suites": [],
              "passes": [
                "d16d84a8-7c29-4f6a-91e4-bef76ce1887f"
              ],
              "failures": [],
              "pending": [],
              "skipped": [],
              "duration": 390,
              "root": false,
              "rootEmpty": false,
              "_timeout": 5000
            },
            {
              "uuid": "201de790-75ad-4f58-9025-0c1740a9c763",
              "title": "Verify 404 HTTP Status",
              "fullFile": "/tests/api/httpStatus/httpStatus.api.spec.ts",
              "file": "/api/httpStatus/httpStatus.api.spec.ts",
              "beforeHooks": [],
              "afterHooks": [],
              "tests": [
                {
                  "title": "should return 404 for an unknown user endpoint",
                  "fullTitle": "Verify HTTP Status Verify 404 HTTP Status should return 404 for an unknown user endpoint",
                  "timedOut": false,
                  "duration": 447,
                  "state": "passed",
                  "speed": "slow",
                  "pass": true,
                  "fail": false,
                  "pending": false,
                  "context": null,
                  "code": "return __awaiter(void 0, void 0, void 0, function () {\n                var authCreds, id, deleteUserResponse;\n                return __generator(this, function (_a) {\n                    switch (_a.label) {\n                        case 0:\n                            authCreds = {\n                                username: 'eve.holt@reqres.in',\n                                password: 'cityslicka'\n                            };\n                            id = 100;\n                            return [4 /*yield*/, (0, apiUtil_1.getApiRequest)(\"\".concat(apiUtil_1.userEndpoint, \"/\").concat(id), authCreds)];\n                        case 1:\n                            deleteUserResponse = _a.sent();\n                            (0, chai_1.expect)(deleteUserResponse.status).to.be.eql(404);\n                            return [2 /*return*/];\n                    }\n                });\n            });",
                  "err": {},
                  "uuid": "4377d946-e7ac-4130-aa14-70e706ba1ae9",
                  "parentUUID": "201de790-75ad-4f58-9025-0c1740a9c763",
                  "isHook": false,
                  "skipped": false
                }
              ],
              "suites": [],
              "passes": [
                "4377d946-e7ac-4130-aa14-70e706ba1ae9"
              ],
              "failures": [],
              "pending": [],
              "skipped": [],
              "duration": 447,
              "root": false,
              "rootEmpty": false,
              "_timeout": 5000
            }
          ],
          "passes": [],
          "failures": [],
          "pending": [],
          "skipped": [],
          "duration": 0,
          "root": false,
          "rootEmpty": false,
          "_timeout": 5000
        }
      ],
      "passes": [],
      "failures": [],
      "pending": [],
      "skipped": [],
      "duration": 0,
      "root": true,
      "rootEmpty": true,
      "_timeout": 5000
    }
  ],
  "meta": {
    "mocha": {
      "version": "9.2.1"
    },
    "mochawesome": {
      "options": {
        "quiet": false,
        "reportFilename": "mochawesome",
        "saveHtml": false,
        "saveJson": true,
        "consoleReporter": "spec",
        "useInlineDiffs": false,
        "code": true
      },
      "version": "6.2.2"
    },
    "marge": {
      "options": {
        "id": "default",
        "reportDir": "./reports/mocha/api",
        "overwrite": false,
        "html": false,
        "json": true,
        "timestamp": "mmddyyyy_HHMMss"
      },
      "version": "5.2.0"
    }
  }
}