{
  "stats": {
    "suites": 13,
    "tests": 13,
    "passes": 10,
    "pending": 0,
    "failures": 3,
    "start": "2022-03-13T19:17:47.777Z",
    "end": "2022-03-13T19:18:21.062Z",
    "duration": 33285,
    "testsRegistered": 13,
    "passPercent": 76.92307692307693,
    "pendingPercent": 0,
    "other": 0,
    "hasOther": false,
    "skipped": 0,
    "hasSkipped": false
  },
  "results": [
    {
      "uuid": "461a5661-371e-4d61-a313-9cf2cb4c5d37",
      "title": "",
      "fullFile": "",
      "file": "",
      "beforeHooks": [],
      "afterHooks": [],
      "tests": [],
      "suites": [
        {
          "uuid": "e29e0a04-b54e-4906-a043-918d07727275",
          "title": "Verify POST Login api endpoint",
          "fullFile": "/tests/api/auth/post.loginUser.api.spec.ts",
          "file": "/api/auth/post.loginUser.api.spec.ts",
          "beforeHooks": [],
          "afterHooks": [],
          "tests": [
            {
              "title": "should fetch login token",
              "fullTitle": "Verify POST Login api endpoint should fetch login token",
              "timedOut": true,
              "duration": 5137,
              "state": "failed",
              "speed": null,
              "pass": false,
              "fail": true,
              "pending": false,
              "context": null,
              "code": "return __awaiter(void 0, void 0, void 0, function () {\n            var loginUser, loginResponse;\n            return __generator(this, function (_a) {\n                switch (_a.label) {\n                    case 0:\n                        loginUser = {\n                            email: 'eve.holt@reqres.in',\n                            password: 'cityslicka'\n                        };\n                        return [4 /*yield*/, (0, apiUtil_1.loginUserApiRequest)(loginUser)];\n                    case 1:\n                        loginResponse = _a.sent();\n                        softExpect(loginResponse.status).to.be.eql(200);\n                        softExpect(loginResponse.data.token).to.be.not.undefined;\n                        (0, soft_assert_1.flush)();\n                        return [2 /*return*/];\n                }\n            });\n        });",
              "err": {
                "message": "Error: Timeout of 5000ms exceeded. For async tests and hooks, ensure \"done()\" is called; if returning a Promise, ensure it resolves. (/tests/api/auth/post.loginUser.api.spec.ts)",
                "estack": "Error: Timeout of 5000ms exceeded. For async tests and hooks, ensure \"done()\" is called; if returning a Promise, ensure it resolves. (/tests/api/auth/post.loginUser.api.spec.ts)\n    at listOnTimeout (node:internal/timers:557:17)\n    at processTimers (node:internal/timers:500:7)",
                "diff": null
              },
              "uuid": "7e02f7b3-7db6-48ee-a270-a73d5c155eec",
              "parentUUID": "e29e0a04-b54e-4906-a043-918d07727275",
              "isHook": false,
              "skipped": false
            }
          ],
          "suites": [],
          "passes": [],
          "failures": [
            "7e02f7b3-7db6-48ee-a270-a73d5c155eec"
          ],
          "pending": [],
          "skipped": [],
          "duration": 5137,
          "root": false,
          "rootEmpty": false,
          "_timeout": 5000
        },
        {
          "uuid": "2735a023-5292-40c0-9851-ec3f17fa04d9",
          "title": "Verify HTTP DELETE method by using delete user api endpoint",
          "fullFile": "/tests/api/httpMethods/delete.deleteUser.api.spec.ts",
          "file": "/api/httpMethods/delete.deleteUser.api.spec.ts",
          "beforeHooks": [],
          "afterHooks": [],
          "tests": [
            {
              "title": "should delete an existing user using delete http method",
              "fullTitle": "Verify HTTP DELETE method by using delete user api endpoint should delete an existing user using delete http method",
              "timedOut": false,
              "duration": 3924,
              "state": "passed",
              "speed": "slow",
              "pass": true,
              "fail": false,
              "pending": false,
              "context": null,
              "code": "return __awaiter(void 0, void 0, void 0, function () {\n            var authCreds, allUsersPageResponse, allUsersList, id, deleteUserResponse;\n            return __generator(this, function (_a) {\n                switch (_a.label) {\n                    case 0:\n                        authCreds = {\n                            username: 'eve.holt@reqres.in',\n                            password: 'cityslicka'\n                        };\n                        return [4 /*yield*/, (0, apiUtil_1.getAllUsersApiRequest)(authCreds)];\n                    case 1:\n                        allUsersPageResponse = _a.sent();\n                        softExpect(allUsersPageResponse).to.be.not.undefined;\n                        allUsersList = allUsersPageResponse.data.data;\n                        id = allUsersList[0].id;\n                        return [4 /*yield*/, (0, apiUtil_1.deleteApiRequest)(\"\".concat(apiUtil_1.userEndpoint, \"/\").concat(id), authCreds)];\n                    case 2:\n                        deleteUserResponse = _a.sent();\n                        softExpect(deleteUserResponse.status).to.be.eql(204);\n                        softExpect(deleteUserResponse.data).to.be.eql('');\n                        (0, soft_assert_1.flush)();\n                        return [2 /*return*/];\n                }\n            });\n        });",
              "err": {},
              "uuid": "4c0bc613-292c-41c7-8ae1-2295e2e29b8c",
              "parentUUID": "2735a023-5292-40c0-9851-ec3f17fa04d9",
              "isHook": false,
              "skipped": false
            }
          ],
          "suites": [],
          "passes": [
            "4c0bc613-292c-41c7-8ae1-2295e2e29b8c"
          ],
          "failures": [],
          "pending": [],
          "skipped": [],
          "duration": 3924,
          "root": false,
          "rootEmpty": false,
          "_timeout": 5000
        },
        {
          "uuid": "f194be17-467d-4d1f-beea-9796fe509ce9",
          "title": "Verify HTTP GET using get all users api endpoint",
          "fullFile": "/tests/api/httpMethods/get.getUsers.api.spec.ts",
          "file": "/api/httpMethods/get.getUsers.api.spec.ts",
          "beforeHooks": [],
          "afterHooks": [],
          "tests": [
            {
              "title": "should fetch all the available users with auth login token",
              "fullTitle": "Verify HTTP GET using get all users api endpoint should fetch all the available users with auth login token",
              "timedOut": false,
              "duration": 2843,
              "state": "passed",
              "speed": "slow",
              "pass": true,
              "fail": false,
              "pending": false,
              "context": null,
              "code": "return __awaiter(void 0, void 0, void 0, function () {\n            var loginResponse, allUsersPageResponse;\n            return __generator(this, function (_a) {\n                switch (_a.label) {\n                    case 0: return [4 /*yield*/, (0, apiUtil_1.loginUserApiRequest)({\n                            email: 'eve.holt@reqres.in',\n                            password: 'cityslicka'\n                        })];\n                    case 1:\n                        loginResponse = _a.sent();\n                        return [4 /*yield*/, (0, apiUtil_1.getAllUsersApiRequest)(loginResponse.data.token)];\n                    case 2:\n                        allUsersPageResponse = _a.sent();\n                        verifyGetUsers(allUsersPageResponse);\n                        return [2 /*return*/];\n                }\n            });\n        });",
              "err": {},
              "uuid": "eb7ed796-fe85-4602-9c16-692e83e15ee4",
              "parentUUID": "f194be17-467d-4d1f-beea-9796fe509ce9",
              "isHook": false,
              "skipped": false
            },
            {
              "title": "should fetch all the available users with basic auth",
              "fullTitle": "Verify HTTP GET using get all users api endpoint should fetch all the available users with basic auth",
              "timedOut": false,
              "duration": 1052,
              "state": "passed",
              "speed": "slow",
              "pass": true,
              "fail": false,
              "pending": false,
              "context": null,
              "code": "return __awaiter(void 0, void 0, void 0, function () {\n            var authCreds, allUsersPageResponse;\n            return __generator(this, function (_a) {\n                switch (_a.label) {\n                    case 0:\n                        authCreds = {\n                            username: 'eve.holt@reqres.in',\n                            password: 'cityslicka'\n                        };\n                        return [4 /*yield*/, (0, apiUtil_1.getAllUsersApiRequest)(authCreds)];\n                    case 1:\n                        allUsersPageResponse = _a.sent();\n                        verifyGetUsers(allUsersPageResponse);\n                        return [2 /*return*/];\n                }\n            });\n        });",
              "err": {},
              "uuid": "21c50dd6-8178-41ce-8762-e265250191cc",
              "parentUUID": "f194be17-467d-4d1f-beea-9796fe509ce9",
              "isHook": false,
              "skipped": false
            }
          ],
          "suites": [],
          "passes": [
            "eb7ed796-fe85-4602-9c16-692e83e15ee4",
            "21c50dd6-8178-41ce-8762-e265250191cc"
          ],
          "failures": [],
          "pending": [],
          "skipped": [],
          "duration": 3895,
          "root": false,
          "rootEmpty": false,
          "_timeout": 5000
        },
        {
          "uuid": "6909f09c-5778-4f53-9ea6-5d7a64ce7dec",
          "title": "Verify HTTP PATCH by updating user api endpoint",
          "fullFile": "/tests/api/httpMethods/patch.updateUser.api.spec.ts",
          "file": "/api/httpMethods/patch.updateUser.api.spec.ts",
          "beforeHooks": [],
          "afterHooks": [],
          "tests": [
            {
              "title": "should update an existing user using patch http method",
              "fullTitle": "Verify HTTP PATCH by updating user api endpoint should update an existing user using patch http method",
              "timedOut": true,
              "duration": 4969,
              "state": "failed",
              "speed": null,
              "pass": false,
              "fail": true,
              "pending": false,
              "context": null,
              "code": "return __awaiter(void 0, void 0, void 0, function () {\n            var authCreds, allUsersPageResponse, allUsersList, _a, name, oldJob, newJob, patchData, updateUserResponse, today;\n            return __generator(this, function (_b) {\n                switch (_b.label) {\n                    case 0:\n                        authCreds = {\n                            username: 'eve.holt@reqres.in',\n                            password: 'cityslicka'\n                        };\n                        return [4 /*yield*/, (0, apiUtil_1.getAllUsersApiRequest)(authCreds)];\n                    case 1:\n                        allUsersPageResponse = _b.sent();\n                        allUsersList = allUsersPageResponse.data.data;\n                        _a = allUsersList[1], name = _a.name, oldJob = _a.job;\n                        newJob = 'software developer';\n                        patchData = {\n                            name: name,\n                            job: newJob\n                        };\n                        return [4 /*yield*/, (0, apiUtil_1.patchApiRequest)(apiUtil_1.userEndpoint, patchData, authCreds)];\n                    case 2:\n                        updateUserResponse = _b.sent();\n                        softExpect(updateUserResponse.status).to.be.eql(200);\n                        softExpect(updateUserResponse.data).to.be.not.undefined;\n                        softExpect(updateUserResponse.data.updatedAt).to.be.not.undefined;\n                        softExpect(updateUserResponse.data.name).to.be.eql(name);\n                        softExpect(updateUserResponse.data.job).to.be.not.eql(oldJob);\n                        softExpect(updateUserResponse.data.job).to.be.eql(newJob);\n                        today = \"\".concat(new Date().toISOString()).split('T')[0];\n                        softExpect(updateUserResponse.data.updatedAt).to.contains(today);\n                        (0, soft_assert_1.flush)();\n                        return [2 /*return*/];\n                }\n            });\n        });",
              "err": {
                "message": "Error: Timeout of 5000ms exceeded. For async tests and hooks, ensure \"done()\" is called; if returning a Promise, ensure it resolves. (/tests/api/httpMethods/patch.updateUser.api.spec.ts)",
                "estack": "Error: Timeout of 5000ms exceeded. For async tests and hooks, ensure \"done()\" is called; if returning a Promise, ensure it resolves. (/tests/api/httpMethods/patch.updateUser.api.spec.ts)\n    at listOnTimeout (node:internal/timers:557:17)\n    at processTimers (node:internal/timers:500:7)",
                "diff": null
              },
              "uuid": "e2550d3d-50e5-40ec-94f5-345c7e46bffd",
              "parentUUID": "6909f09c-5778-4f53-9ea6-5d7a64ce7dec",
              "isHook": false,
              "skipped": false
            }
          ],
          "suites": [],
          "passes": [],
          "failures": [
            "e2550d3d-50e5-40ec-94f5-345c7e46bffd"
          ],
          "pending": [],
          "skipped": [],
          "duration": 4969,
          "root": false,
          "rootEmpty": false,
          "_timeout": 5000
        },
        {
          "uuid": "f5cec081-3351-4cf3-ba0d-e7a9307eb3f8",
          "title": "Verify HTTP POST create user api endpoint",
          "fullFile": "/tests/api/httpMethods/post.createUser.api.spec.ts",
          "file": "/api/httpMethods/post.createUser.api.spec.ts",
          "beforeHooks": [],
          "afterHooks": [],
          "tests": [
            {
              "title": "should fetch token for successful login",
              "fullTitle": "Verify HTTP POST create user api endpoint should fetch token for successful login",
              "timedOut": false,
              "duration": 4610,
              "state": "passed",
              "speed": "slow",
              "pass": true,
              "fail": false,
              "pending": false,
              "context": null,
              "code": "return __awaiter(void 0, void 0, void 0, function () {\n            var authCreds, name, job, postData, createUserResponse, today;\n            return __generator(this, function (_a) {\n                switch (_a.label) {\n                    case 0:\n                        authCreds = {\n                            username: 'eve.holt@reqres.in',\n                            password: 'cityslicka'\n                        };\n                        name = (0, core_1.newUserData)().name;\n                        job = 'leader';\n                        postData = {\n                            name: name,\n                            job: job\n                        };\n                        return [4 /*yield*/, (0, apiUtil_1.postApiRequest)(apiUtil_1.userEndpoint, postData, authCreds)];\n                    case 1:\n                        createUserResponse = _a.sent();\n                        softExpect(createUserResponse.status).to.be.eql(201);\n                        softExpect(createUserResponse.data).to.be.not.undefined;\n                        softExpect(createUserResponse.data.id).to.be.not.undefined;\n                        softExpect(createUserResponse.data.createdAt).to.be.not.undefined;\n                        softExpect(createUserResponse.data.name).to.be.eql(name);\n                        softExpect(createUserResponse.data.job).to.be.eql(job);\n                        today = \"\".concat(new Date().toISOString()).split('T')[0];\n                        softExpect(createUserResponse.data.createdAt).to.contains(today);\n                        (0, soft_assert_1.flush)();\n                        return [2 /*return*/];\n                }\n            });\n        });",
              "err": {},
              "uuid": "d66df00b-3ea6-4a21-af91-829063181b67",
              "parentUUID": "f5cec081-3351-4cf3-ba0d-e7a9307eb3f8",
              "isHook": false,
              "skipped": false
            }
          ],
          "suites": [],
          "passes": [
            "d66df00b-3ea6-4a21-af91-829063181b67"
          ],
          "failures": [],
          "pending": [],
          "skipped": [],
          "duration": 4610,
          "root": false,
          "rootEmpty": false,
          "_timeout": 5000
        },
        {
          "uuid": "e3e4779e-f950-4c30-800d-0589843c9628",
          "title": "Verify HTTP POST register user api endpoint",
          "fullFile": "/tests/api/httpMethods/post.registerUser.api.spec.ts",
          "file": "/api/httpMethods/post.registerUser.api.spec.ts",
          "beforeHooks": [],
          "afterHooks": [],
          "tests": [
            {
              "title": "should receive error message for unsuccessful registration",
              "fullTitle": "Verify HTTP POST register user api endpoint should receive error message for unsuccessful registration",
              "timedOut": false,
              "duration": 1501,
              "state": "passed",
              "speed": "slow",
              "pass": true,
              "fail": false,
              "pending": false,
              "context": null,
              "code": "return __awaiter(void 0, void 0, void 0, function () {\n            var authCreds, email, postData, registerUserResponse;\n            return __generator(this, function (_a) {\n                switch (_a.label) {\n                    case 0:\n                        authCreds = {\n                            username: 'eve.holt@reqres.in',\n                            password: 'cityslicka'\n                        };\n                        email = (0, core_1.newUserData)().email;\n                        postData = {\n                            email: email\n                        };\n                        return [4 /*yield*/, (0, apiUtil_1.postApiRequest)(apiUtil_1.registerEndpoint, postData, authCreds)];\n                    case 1:\n                        registerUserResponse = _a.sent();\n                        softExpect(registerUserResponse.status).to.be.eql(400);\n                        softExpect(registerUserResponse.data).to.be.not.undefined;\n                        softExpect(registerUserResponse.data.error).to.be.not.undefined;\n                        softExpect(registerUserResponse.data.error).to.be.eql('Missing password');\n                        (0, soft_assert_1.flush)();\n                        return [2 /*return*/];\n                }\n            });\n        });",
              "err": {},
              "uuid": "680eeb2c-d392-44e5-bc59-b91391bf85e5",
              "parentUUID": "e3e4779e-f950-4c30-800d-0589843c9628",
              "isHook": false,
              "skipped": false
            }
          ],
          "suites": [],
          "passes": [
            "680eeb2c-d392-44e5-bc59-b91391bf85e5"
          ],
          "failures": [],
          "pending": [],
          "skipped": [],
          "duration": 1501,
          "root": false,
          "rootEmpty": false,
          "_timeout": 5000
        },
        {
          "uuid": "98659268-d85b-403e-b2f0-3b37ef5a5576",
          "title": "Verify HTTP PUT method by updating update user api endpoint",
          "fullFile": "/tests/api/httpMethods/put.updateUser.api.spec.ts",
          "file": "/api/httpMethods/put.updateUser.api.spec.ts",
          "beforeHooks": [],
          "afterHooks": [],
          "tests": [
            {
              "title": "should update an existing user using put http method",
              "fullTitle": "Verify HTTP PUT method by updating update user api endpoint should update an existing user using put http method",
              "timedOut": true,
              "duration": 5004,
              "state": "failed",
              "speed": null,
              "pass": false,
              "fail": true,
              "pending": false,
              "context": null,
              "code": "return __awaiter(void 0, void 0, void 0, function () {\n            var authCreds, allUsersPageResponse, allUsersList, _a, name, oldJob, newJob, putData, updateUserResponse, today;\n            return __generator(this, function (_b) {\n                switch (_b.label) {\n                    case 0:\n                        authCreds = {\n                            username: 'eve.holt@reqres.in',\n                            password: 'cityslicka'\n                        };\n                        return [4 /*yield*/, (0, apiUtil_1.getAllUsersApiRequest)(authCreds)];\n                    case 1:\n                        allUsersPageResponse = _b.sent();\n                        allUsersList = allUsersPageResponse.data.data;\n                        _a = allUsersList[0], name = _a.name, oldJob = _a.job;\n                        newJob = 'software developer';\n                        putData = {\n                            name: name,\n                            job: newJob\n                        };\n                        return [4 /*yield*/, (0, apiUtil_1.putApiRequest)(apiUtil_1.userEndpoint, putData, authCreds)];\n                    case 2:\n                        updateUserResponse = _b.sent();\n                        /* eslint-enable */\n                        softExpect(updateUserResponse.status).to.be.eql(200);\n                        softExpect(updateUserResponse.data).to.be.not.undefined;\n                        softExpect(updateUserResponse.data.updatedAt).to.be.not.undefined;\n                        softExpect(updateUserResponse.data.name).to.be.eql(name);\n                        softExpect(updateUserResponse.data.job).to.be.not.eql(oldJob);\n                        softExpect(updateUserResponse.data.job).to.be.eql(newJob);\n                        today = \"\".concat(new Date().toISOString()).split('T')[0];\n                        softExpect(updateUserResponse.data.updatedAt).to.contains(today);\n                        (0, soft_assert_1.flush)();\n                        return [2 /*return*/];\n                }\n            });\n        });",
              "err": {
                "message": "Error: Timeout of 5000ms exceeded. For async tests and hooks, ensure \"done()\" is called; if returning a Promise, ensure it resolves. (/tests/api/httpMethods/put.updateUser.api.spec.ts)",
                "estack": "Error: Timeout of 5000ms exceeded. For async tests and hooks, ensure \"done()\" is called; if returning a Promise, ensure it resolves. (/tests/api/httpMethods/put.updateUser.api.spec.ts)\n    at listOnTimeout (node:internal/timers:557:17)\n    at processTimers (node:internal/timers:500:7)",
                "diff": null
              },
              "uuid": "4f001110-9d13-410d-9cea-565cf464370a",
              "parentUUID": "98659268-d85b-403e-b2f0-3b37ef5a5576",
              "isHook": false,
              "skipped": false
            }
          ],
          "suites": [],
          "passes": [],
          "failures": [
            "4f001110-9d13-410d-9cea-565cf464370a"
          ],
          "pending": [],
          "skipped": [],
          "duration": 5004,
          "root": false,
          "rootEmpty": false,
          "_timeout": 5000
        },
        {
          "uuid": "42b8deca-c95f-46b1-9ffb-32f89336be5f",
          "title": "Verify HTTP Status",
          "fullFile": "/tests/api/httpStatus/httpStatus.api.spec.ts",
          "file": "/api/httpStatus/httpStatus.api.spec.ts",
          "beforeHooks": [],
          "afterHooks": [],
          "tests": [],
          "suites": [
            {
              "uuid": "a2296cfd-04bb-4708-8943-7bda4a1867eb",
              "title": "Verify 200 HTTP Status",
              "fullFile": "/tests/api/httpStatus/httpStatus.api.spec.ts",
              "file": "/api/httpStatus/httpStatus.api.spec.ts",
              "beforeHooks": [],
              "afterHooks": [],
              "tests": [
                {
                  "title": "should fetch all the available users with auth login token",
                  "fullTitle": "Verify HTTP Status Verify 200 HTTP Status should fetch all the available users with auth login token",
                  "timedOut": false,
                  "duration": 2270,
                  "state": "passed",
                  "speed": "slow",
                  "pass": true,
                  "fail": false,
                  "pending": false,
                  "context": null,
                  "code": "return __awaiter(void 0, void 0, void 0, function () {\n                var loginResponse, allUsersPageResponse;\n                return __generator(this, function (_a) {\n                    switch (_a.label) {\n                        case 0: return [4 /*yield*/, (0, apiUtil_1.loginUserApiRequest)({\n                                email: 'eve.holt@reqres.in',\n                                password: 'cityslicka'\n                            })];\n                        case 1:\n                            loginResponse = _a.sent();\n                            return [4 /*yield*/, (0, apiUtil_1.getAllUsersApiRequest)(loginResponse.data.token)];\n                        case 2:\n                            allUsersPageResponse = _a.sent();\n                            (0, chai_1.expect)(allUsersPageResponse.status).to.be.eq(200);\n                            return [2 /*return*/];\n                    }\n                });\n            });",
                  "err": {},
                  "uuid": "a0f42e33-d890-4c5b-ae3c-3e6bc99101bd",
                  "parentUUID": "a2296cfd-04bb-4708-8943-7bda4a1867eb",
                  "isHook": false,
                  "skipped": false
                }
              ],
              "suites": [],
              "passes": [
                "a0f42e33-d890-4c5b-ae3c-3e6bc99101bd"
              ],
              "failures": [],
              "pending": [],
              "skipped": [],
              "duration": 2270,
              "root": false,
              "rootEmpty": false,
              "_timeout": 5000
            },
            {
              "uuid": "c563bdfa-a43b-4dd2-adf0-ac84ada3011c",
              "title": "Verify 201 HTTP Status",
              "fullFile": "/tests/api/httpStatus/httpStatus.api.spec.ts",
              "file": "/api/httpStatus/httpStatus.api.spec.ts",
              "beforeHooks": [],
              "afterHooks": [],
              "tests": [
                {
                  "title": "should create new user",
                  "fullTitle": "Verify HTTP Status Verify 201 HTTP Status should create new user",
                  "timedOut": false,
                  "duration": 439,
                  "state": "passed",
                  "speed": "slow",
                  "pass": true,
                  "fail": false,
                  "pending": false,
                  "context": null,
                  "code": "return __awaiter(void 0, void 0, void 0, function () {\n                var authCreds, name, job, postData, createUserResponse;\n                return __generator(this, function (_a) {\n                    switch (_a.label) {\n                        case 0:\n                            authCreds = {\n                                username: 'eve.holt@reqres.in',\n                                password: 'cityslicka'\n                            };\n                            name = (0, core_1.newUserData)().name;\n                            job = 'leader';\n                            postData = {\n                                name: name,\n                                job: job\n                            };\n                            return [4 /*yield*/, (0, apiUtil_1.postApiRequest)(apiUtil_1.userEndpoint, postData, authCreds)];\n                        case 1:\n                            createUserResponse = _a.sent();\n                            (0, chai_1.expect)(createUserResponse.status).to.be.eql(201);\n                            return [2 /*return*/];\n                    }\n                });\n            });",
                  "err": {},
                  "uuid": "f635e598-64cd-4c27-bc30-26f4fc98b83b",
                  "parentUUID": "c563bdfa-a43b-4dd2-adf0-ac84ada3011c",
                  "isHook": false,
                  "skipped": false
                }
              ],
              "suites": [],
              "passes": [
                "f635e598-64cd-4c27-bc30-26f4fc98b83b"
              ],
              "failures": [],
              "pending": [],
              "skipped": [],
              "duration": 439,
              "root": false,
              "rootEmpty": false,
              "_timeout": 5000
            },
            {
              "uuid": "4ce2db9d-9a08-45a2-8690-6d813d63ea30",
              "title": "Verify 204 HTTP Status",
              "fullFile": "/tests/api/httpStatus/httpStatus.api.spec.ts",
              "file": "/api/httpStatus/httpStatus.api.spec.ts",
              "beforeHooks": [],
              "afterHooks": [],
              "tests": [
                {
                  "title": "should delete an existing user using delete http method",
                  "fullTitle": "Verify HTTP Status Verify 204 HTTP Status should delete an existing user using delete http method",
                  "timedOut": false,
                  "duration": 644,
                  "state": "passed",
                  "speed": "slow",
                  "pass": true,
                  "fail": false,
                  "pending": false,
                  "context": null,
                  "code": "return __awaiter(void 0, void 0, void 0, function () {\n                var authCreds, allUsersPageResponse, allUsersList, id, deleteUserResponse;\n                return __generator(this, function (_a) {\n                    switch (_a.label) {\n                        case 0:\n                            authCreds = {\n                                username: 'eve.holt@reqres.in',\n                                password: 'cityslicka'\n                            };\n                            return [4 /*yield*/, (0, apiUtil_1.getAllUsersApiRequest)(authCreds)];\n                        case 1:\n                            allUsersPageResponse = _a.sent();\n                            (0, chai_1.expect)(allUsersPageResponse.status).to.be.eql(200);\n                            allUsersList = allUsersPageResponse.data.data;\n                            id = allUsersList[0].id;\n                            return [4 /*yield*/, (0, apiUtil_1.deleteApiRequest)(\"\".concat(apiUtil_1.userEndpoint, \"/\").concat(id), authCreds)];\n                        case 2:\n                            deleteUserResponse = _a.sent();\n                            (0, chai_1.expect)(deleteUserResponse.status).to.be.eql(204);\n                            return [2 /*return*/];\n                    }\n                });\n            });",
                  "err": {},
                  "uuid": "e80cf1ea-db54-4887-9d06-be6780f45af0",
                  "parentUUID": "4ce2db9d-9a08-45a2-8690-6d813d63ea30",
                  "isHook": false,
                  "skipped": false
                }
              ],
              "suites": [],
              "passes": [
                "e80cf1ea-db54-4887-9d06-be6780f45af0"
              ],
              "failures": [],
              "pending": [],
              "skipped": [],
              "duration": 644,
              "root": false,
              "rootEmpty": false,
              "_timeout": 5000
            },
            {
              "uuid": "c86e61b8-976b-4f06-acd0-a637c1ab5288",
              "title": "Verify 400 HTTP Status",
              "fullFile": "/tests/api/httpStatus/httpStatus.api.spec.ts",
              "file": "/api/httpStatus/httpStatus.api.spec.ts",
              "beforeHooks": [],
              "afterHooks": [],
              "tests": [
                {
                  "title": "should return 400 for an incomplete user json payload request",
                  "fullTitle": "Verify HTTP Status Verify 400 HTTP Status should return 400 for an incomplete user json payload request",
                  "timedOut": false,
                  "duration": 417,
                  "state": "passed",
                  "speed": "slow",
                  "pass": true,
                  "fail": false,
                  "pending": false,
                  "context": null,
                  "code": "return __awaiter(void 0, void 0, void 0, function () {\n                var authCreds, email, postData, registerUserResponse;\n                return __generator(this, function (_a) {\n                    switch (_a.label) {\n                        case 0:\n                            authCreds = {\n                                username: 'eve.holt@reqres.in',\n                                password: 'cityslicka'\n                            };\n                            email = (0, core_1.newUserData)().email;\n                            postData = {\n                                email: email\n                            };\n                            return [4 /*yield*/, (0, apiUtil_1.postApiRequest)(apiUtil_1.registerEndpoint, postData, authCreds)];\n                        case 1:\n                            registerUserResponse = _a.sent();\n                            (0, chai_1.expect)(registerUserResponse.status).to.be.eql(400);\n                            return [2 /*return*/];\n                    }\n                });\n            });",
                  "err": {},
                  "uuid": "f4771f5a-2143-4ca9-81fc-ffd4b325acb5",
                  "parentUUID": "c86e61b8-976b-4f06-acd0-a637c1ab5288",
                  "isHook": false,
                  "skipped": false
                }
              ],
              "suites": [],
              "passes": [
                "f4771f5a-2143-4ca9-81fc-ffd4b325acb5"
              ],
              "failures": [],
              "pending": [],
              "skipped": [],
              "duration": 417,
              "root": false,
              "rootEmpty": false,
              "_timeout": 5000
            },
            {
              "uuid": "93daec31-61b9-4d8a-a600-8e3ca8b3f4fd",
              "title": "Verify 404 HTTP Status",
              "fullFile": "/tests/api/httpStatus/httpStatus.api.spec.ts",
              "file": "/api/httpStatus/httpStatus.api.spec.ts",
              "beforeHooks": [],
              "afterHooks": [],
              "tests": [
                {
                  "title": "should return 404 for an unknown user endpoint",
                  "fullTitle": "Verify HTTP Status Verify 404 HTTP Status should return 404 for an unknown user endpoint",
                  "timedOut": false,
                  "duration": 417,
                  "state": "passed",
                  "speed": "slow",
                  "pass": true,
                  "fail": false,
                  "pending": false,
                  "context": null,
                  "code": "return __awaiter(void 0, void 0, void 0, function () {\n                var authCreds, id, deleteUserResponse;\n                return __generator(this, function (_a) {\n                    switch (_a.label) {\n                        case 0:\n                            authCreds = {\n                                username: 'eve.holt@reqres.in',\n                                password: 'cityslicka'\n                            };\n                            id = 100;\n                            return [4 /*yield*/, (0, apiUtil_1.getApiRequest)(\"\".concat(apiUtil_1.userEndpoint, \"/\").concat(id), authCreds)];\n                        case 1:\n                            deleteUserResponse = _a.sent();\n                            (0, chai_1.expect)(deleteUserResponse.status).to.be.eql(404);\n                            return [2 /*return*/];\n                    }\n                });\n            });",
                  "err": {},
                  "uuid": "1931edb9-9f5b-465d-a047-9a81f9b9f255",
                  "parentUUID": "93daec31-61b9-4d8a-a600-8e3ca8b3f4fd",
                  "isHook": false,
                  "skipped": false
                }
              ],
              "suites": [],
              "passes": [
                "1931edb9-9f5b-465d-a047-9a81f9b9f255"
              ],
              "failures": [],
              "pending": [],
              "skipped": [],
              "duration": 417,
              "root": false,
              "rootEmpty": false,
              "_timeout": 5000
            }
          ],
          "passes": [],
          "failures": [],
          "pending": [],
          "skipped": [],
          "duration": 0,
          "root": false,
          "rootEmpty": false,
          "_timeout": 5000
        }
      ],
      "passes": [],
      "failures": [],
      "pending": [],
      "skipped": [],
      "duration": 0,
      "root": true,
      "rootEmpty": true,
      "_timeout": 5000
    }
  ],
  "meta": {
    "mocha": {
      "version": "9.2.1"
    },
    "mochawesome": {
      "options": {
        "quiet": false,
        "reportFilename": "mochawesome",
        "saveHtml": false,
        "saveJson": true,
        "consoleReporter": "spec",
        "useInlineDiffs": false,
        "code": true
      },
      "version": "6.2.2"
    },
    "marge": {
      "options": {
        "id": "default",
        "reportDir": "./reports/mocha/api",
        "overwrite": false,
        "html": false,
        "json": true,
        "timestamp": "mmddyyyy_HHMMss"
      },
      "version": "5.2.0"
    }
  }
}